# JRE version: OpenJDK Runtime Environment (8.0_202-b03) (build 1.8.0_202-release-1483-b03)
# Java VM: OpenJDK 64-Bit Server VM (25.202-b03 mixed mode windows-amd64 compressed oops)
Heap:
 PSYoungGen      total 86528K, used 63830K [0x00000000f6380000, 0x00000000fd000000, 0x0000000100000000)
  eden space 69120K, 74% used [0x00000000f6380000,0x00000000f959ffb8,0x00000000fa700000)
  from space 17408K, 71% used [0x00000000fba80000,0x00000000fc6b5978,0x00000000fcb80000)
  to   space 19968K, 0% used [0x00000000fa700000,0x00000000fa700000,0x00000000fba80000)
 ParOldGen       total 69120K, used 36725K [0x00000000e2a00000, 0x00000000e6d80000, 0x00000000f6380000)
  object space 69120K, 53% used [0x00000000e2a00000,0x00000000e4ddd590,0x00000000e6d80000)
 Metaspace       used 58021K, capacity 59122K, committed 59568K, reserved 1101824K
  class space    used 6949K, capacity 7223K, committed 7344K, reserved 1048576K
GC Heap History (10 events):
Event: 16.052 GC heap before
{Heap before GC invocations=17 (full 2):
 PSYoungGen      total 58880K, used 47616K [0x00000000f6380000, 0x00000000faa00000, 0x0000000100000000)
  eden space 47616K, 100% used [0x00000000f6380000,0x00000000f9200000,0x00000000f9200000)
  from space 11264K, 0% used [0x00000000f9d00000,0x00000000f9d00000,0x00000000fa800000)
  to   space 11264K, 0% used [0x00000000f9200000,0x00000000f9200000,0x00000000f9d00000)
 ParOldGen       total 36864K, used 15721K [0x00000000e2a00000, 0x00000000e4e00000, 0x00000000f6380000)
  object space 36864K, 42% used [0x00000000e2a00000,0x00000000e395a670,0x00000000e4e00000)
 Metaspace       used 38239K, capacity 38826K, committed 39088K, reserved 1083392K
  class space    used 4853K, capacity 5025K, committed 5040K, reserved 1048576K
Event: 16.066 GC heap after
Heap after GC invocations=17 (full 2):
 PSYoungGen      total 58880K, used 7473K [0x00000000f6380000, 0x00000000fb780000, 0x0000000100000000)
  eden space 47616K, 0% used [0x00000000f6380000,0x00000000f6380000,0x00000000f9200000)
  from space 11264K, 66% used [0x00000000f9200000,0x00000000f994c400,0x00000000f9d00000)
  to   space 11776K, 0% used [0x00000000fac00000,0x00000000fac00000,0x00000000fb780000)
 ParOldGen       total 36864K, used 15729K [0x00000000e2a00000, 0x00000000e4e00000, 0x00000000f6380000)
  object space 36864K, 42% used [0x00000000e2a00000,0x00000000e395c670,0x00000000e4e00000)
 Metaspace       used 38239K, capacity 38826K, committed 39088K, reserved 1083392K
  class space    used 4853K, capacity 5025K, committed 5040K, reserved 1048576K
}
Event: 18.737 GC heap before
{Heap before GC invocations=18 (full 2):
 PSYoungGen      total 58880K, used 55089K [0x00000000f6380000, 0x00000000fb780000, 0x0000000100000000)
  eden space 47616K, 100% used [0x00000000f6380000,0x00000000f9200000,0x00000000f9200000)
  from space 11264K, 66% used [0x00000000f9200000,0x00000000f994c400,0x00000000f9d00000)
  to   space 11776K, 0% used [0x00000000fac00000,0x00000000fac00000,0x00000000fb780000)
 ParOldGen       total 36864K, used 15729K [0x00000000e2a00000, 0x00000000e4e00000, 0x00000000f6380000)
  object space 36864K, 42% used [0x00000000e2a00000,0x00000000e395c670,0x00000000e4e00000)
 Metaspace       used 41344K, capacity 41972K, committed 42416K, reserved 1087488K
  class space    used 5057K, capacity 5208K, committed 5296K, reserved 1048576K
Event: 18.769 GC heap after
Heap after GC invocations=18 (full 2):
 PSYoungGen      total 71168K, used 11766K [0x00000000f6380000, 0x00000000fbd00000, 0x0000000100000000)
  eden space 59392K, 0% used [0x00000000f6380000,0x00000000f6380000,0x00000000f9d80000)
  from space 11776K, 99% used [0x00000000fac00000,0x00000000fb77db10,0x00000000fb780000)
  to   space 14848K, 0% used [0x00000000f9d80000,0x00000000f9d80000,0x00000000fac00000)
 ParOldGen       total 36864K, used 19141K [0x00000000e2a00000, 0x00000000e4e00000, 0x00000000f6380000)
  object space 36864K, 51% used [0x00000000e2a00000,0x00000000e3cb16d0,0x00000000e4e00000)
 Metaspace       used 41344K, capacity 41972K, committed 42416K, reserved 1087488K
  class space    used 5057K, capacity 5208K, committed 5296K, reserved 1048576K
}
Event: 21.494 GC heap before
{Heap before GC invocations=19 (full 2):
 PSYoungGen      total 71168K, used 71158K [0x00000000f6380000, 0x00000000fbd00000, 0x0000000100000000)
  eden space 59392K, 100% used [0x00000000f6380000,0x00000000f9d80000,0x00000000f9d80000)
  from space 11776K, 99% used [0x00000000fac00000,0x00000000fb77db10,0x00000000fb780000)
  to   space 14848K, 0% used [0x00000000f9d80000,0x00000000f9d80000,0x00000000fac00000)
 ParOldGen       total 36864K, used 19141K [0x00000000e2a00000, 0x00000000e4e00000, 0x00000000f6380000)
  object space 36864K, 51% used [0x00000000e2a00000,0x00000000e3cb16d0,0x00000000e4e00000)
 Metaspace       used 46653K, capacity 47406K, committed 47792K, reserved 1091584K
  class space    used 5772K, capacity 6003K, committed 6064K, reserved 1048576K
Event: 21.546 GC heap after
Heap after GC invocations=19 (full 2):
 PSYoungGen      total 74240K, used 14793K [0x00000000f6380000, 0x00000000fcb80000, 0x0000000100000000)
  eden space 59392K, 0% used [0x00000000f6380000,0x00000000f6380000,0x00000000f9d80000)
  from space 14848K, 99% used [0x00000000f9d80000,0x00000000fabf2558,0x00000000fac00000)
  to   space 17408K, 0% used [0x00000000fba80000,0x00000000fba80000,0x00000000fcb80000)
 ParOldGen       total 36864K, used 27381K [0x00000000e2a00000, 0x00000000e4e00000, 0x00000000f6380000)
  object space 36864K, 74% used [0x00000000e2a00000,0x00000000e44bd558,0x00000000e4e00000)
 Metaspace       used 46653K, capacity 47406K, committed 47792K, reserved 1091584K
  class space    used 5772K, capacity 6003K, committed 6064K, reserved 1048576K
}
Event: 25.335 GC heap before
{Heap before GC invocations=20 (full 2):
 PSYoungGen      total 74240K, used 74185K [0x00000000f6380000, 0x00000000fcb80000, 0x0000000100000000)
  eden space 59392K, 100% used [0x00000000f6380000,0x00000000f9d80000,0x00000000f9d80000)
  from space 14848K, 99% used [0x00000000f9d80000,0x00000000fabf2558,0x00000000fac00000)
  to   space 17408K, 0% used [0x00000000fba80000,0x00000000fba80000,0x00000000fcb80000)
 ParOldGen       total 36864K, used 27381K [0x00000000e2a00000, 0x00000000e4e00000, 0x00000000f6380000)
  object space 36864K, 74% used [0x00000000e2a00000,0x00000000e44bd558,0x00000000e4e00000)
 Metaspace       used 51954K, capacity 53000K, committed 53296K, reserved 1095680K
  class space    used 6372K, capacity 6656K, committed 6704K, reserved 1048576K
Event: 25.372 GC heap after
Heap after GC invocations=20 (full 2):
 PSYoungGen      total 86528K, used 15986K [0x00000000f6380000, 0x00000000fd000000, 0x0000000100000000)
  eden space 69120K, 0% used [0x00000000f6380000,0x00000000f6380000,0x00000000fa700000)
  from space 17408K, 91% used [0x00000000fba80000,0x00000000fca1c8a8,0x00000000fcb80000)
  to   space 19968K, 0% used [0x00000000fa700000,0x00000000fa700000,0x00000000fba80000)
 ParOldGen       total 36864K, used 35001K [0x00000000e2a00000, 0x00000000e4e00000, 0x00000000f6380000)
  object space 36864K, 94% used [0x00000000e2a00000,0x00000000e4c2e790,0x00000000e4e00000)
 Metaspace       used 51954K, capacity 53000K, committed 53296K, reserved 1095680K
  class space    used 6372K, capacity 6656K, committed 6704K, reserved 1048576K
}
Event: 25.373 GC heap before
{Heap before GC invocations=21 (full 3):
 PSYoungGen      total 86528K, used 15986K [0x00000000f6380000, 0x00000000fd000000, 0x0000000100000000)
  eden space 69120K, 0% used [0x00000000f6380000,0x00000000f6380000,0x00000000fa700000)
  from space 17408K, 91% used [0x00000000fba80000,0x00000000fca1c8a8,0x00000000fcb80000)
  to   space 19968K, 0% used [0x00000000fa700000,0x00000000fa700000,0x00000000fba80000)
 ParOldGen       total 36864K, used 35001K [0x00000000e2a00000, 0x00000000e4e00000, 0x00000000f6380000)
  object space 36864K, 94% used [0x00000000e2a00000,0x00000000e4c2e790,0x00000000e4e00000)
 Metaspace       used 51954K, capacity 53000K, committed 53296K, reserved 1095680K
  class space    used 6372K, capacity 6656K, committed 6704K, reserved 1048576K
Event: 25.993 GC heap after
Heap after GC invocations=21 (full 3):
 PSYoungGen      total 86528K, used 12502K [0x00000000f6380000, 0x00000000fd000000, 0x0000000100000000)
  eden space 69120K, 0% used [0x00000000f6380000,0x00000000f6380000,0x00000000fa700000)
  from space 17408K, 71% used [0x00000000fba80000,0x00000000fc6b5978,0x00000000fcb80000)
  to   space 19968K, 0% used [0x00000000fa700000,0x00000000fa700000,0x00000000fba80000)
 ParOldGen       total 69120K, used 36725K [0x00000000e2a00000, 0x00000000e6d80000, 0x00000000f6380000)
  object space 69120K, 53% used [0x00000000e2a00000,0x00000000e4ddd590,0x00000000e6d80000)
 Metaspace       used 51954K, capacity 53000K, committed 53296K, reserved 1095680K
  class space    used 6372K, capacity 6656K, committed 6704K, reserved 1048576K
}

