# JRE version: OpenJDK Runtime Environment (8.0_202-b03) (build 1.8.0_202-release-1483-b03)
# Java VM: OpenJDK 64-Bit Server VM (25.202-b03 mixed mode windows-amd64 compressed oops)
Heap:
 PSYoungGen      total 221696K, used 39079K [0x00000000e0000000, 0x00000000f1b00000, 0x0000000100000000)
  eden space 162304K, 4% used [0x00000000e0000000,0x00000000e06b7940,0x00000000e9e80000)
  from space 59392K, 54% used [0x00000000e9e80000,0x00000000ebdf22f8,0x00000000ed880000)
  to   space 59392K, 0% used [0x00000000ee100000,0x00000000ee100000,0x00000000f1b00000)
 ParOldGen       total 192000K, used 137892K [0x00000000a0000000, 0x00000000abb80000, 0x00000000e0000000)
  object space 192000K, 71% used [0x00000000a0000000,0x00000000a86a9098,0x00000000abb80000)
 Metaspace       used 80210K, capacity 83358K, committed 83544K, reserved 1122304K
  class space    used 10734K, capacity 11389K, committed 11392K, reserved 1048576K
GC Heap History (10 events):
Event: 64.712 GC heap before
{Heap before GC invocations=26 (full 5):
 PSYoungGen      total 173056K, used 35299K [0x00000000e0000000, 0x00000000f0f00000, 0x0000000100000000)
  eden space 137728K, 0% used [0x00000000e0000000,0x00000000e0000000,0x00000000e8680000)
  from space 35328K, 99% used [0x00000000e8680000,0x00000000ea8f8d88,0x00000000ea900000)
  to   space 55808K, 0% used [0x00000000ed880000,0x00000000ed880000,0x00000000f0f00000)
 ParOldGen       total 118784K, used 106246K [0x00000000a0000000, 0x00000000a7400000, 0x00000000e0000000)
  object space 118784K, 89% used [0x00000000a0000000,0x00000000a67c1a10,0x00000000a7400000)
 Metaspace       used 69363K, capacity 71590K, committed 71896K, reserved 1112064K
  class space    used 9415K, capacity 9895K, committed 9984K, reserved 1048576K
Event: 65.863 GC heap after
Heap after GC invocations=26 (full 5):
 PSYoungGen      total 173056K, used 19730K [0x00000000e0000000, 0x00000000f0f00000, 0x0000000100000000)
  eden space 137728K, 0% used [0x00000000e0000000,0x00000000e0000000,0x00000000e8680000)
  from space 35328K, 55% used [0x00000000e8680000,0x00000000e99c4ba0,0x00000000ea900000)
  to   space 55808K, 0% used [0x00000000ed880000,0x00000000ed880000,0x00000000f0f00000)
 ParOldGen       total 192000K, used 118331K [0x00000000a0000000, 0x00000000abb80000, 0x00000000e0000000)
  object space 192000K, 61% used [0x00000000a0000000,0x00000000a738ee80,0x00000000abb80000)
 Metaspace       used 69359K, capacity 71576K, committed 71896K, reserved 1112064K
  class space    used 9414K, capacity 9892K, committed 9984K, reserved 1048576K
}
Event: 69.703 GC heap before
{Heap before GC invocations=27 (full 5):
 PSYoungGen      total 173056K, used 156693K [0x00000000e0000000, 0x00000000f0f00000, 0x0000000100000000)
  eden space 137728K, 99% used [0x00000000e0000000,0x00000000e85c0878,0x00000000e8680000)
  from space 35328K, 55% used [0x00000000e8680000,0x00000000e99c4ba0,0x00000000ea900000)
  to   space 55808K, 0% used [0x00000000ed880000,0x00000000ed880000,0x00000000f0f00000)
 ParOldGen       total 192000K, used 118331K [0x00000000a0000000, 0x00000000abb80000, 0x00000000e0000000)
  object space 192000K, 61% used [0x00000000a0000000,0x00000000a738ee80,0x00000000abb80000)
 Metaspace       used 71173K, capacity 73620K, committed 73688K, reserved 1112064K
  class space    used 9684K, capacity 10210K, committed 10240K, reserved 1048576K
Event: 69.834 GC heap after
Heap after GC invocations=27 (full 5):
 PSYoungGen      total 190976K, used 28040K [0x00000000e0000000, 0x00000000eff80000, 0x0000000100000000)
  eden space 151040K, 0% used [0x00000000e0000000,0x00000000e0000000,0x00000000e9380000)
  from space 39936K, 70% used [0x00000000ed880000,0x00000000ef3e2260,0x00000000eff80000)
  to   space 55296K, 0% used [0x00000000e9380000,0x00000000e9380000,0x00000000ec980000)
 ParOldGen       total 192000K, used 137868K [0x00000000a0000000, 0x00000000abb80000, 0x00000000e0000000)
  object space 192000K, 71% used [0x00000000a0000000,0x00000000a86a3098,0x00000000abb80000)
 Metaspace       used 71173K, capacity 73620K, committed 73688K, reserved 1112064K
  class space    used 9684K, capacity 10210K, committed 10240K, reserved 1048576K
}
Event: 73.851 GC heap before
{Heap before GC invocations=28 (full 5):
 PSYoungGen      total 190976K, used 179080K [0x00000000e0000000, 0x00000000eff80000, 0x0000000100000000)
  eden space 151040K, 100% used [0x00000000e0000000,0x00000000e9380000,0x00000000e9380000)
  from space 39936K, 70% used [0x00000000ed880000,0x00000000ef3e2260,0x00000000eff80000)
  to   space 55296K, 0% used [0x00000000e9380000,0x00000000e9380000,0x00000000ec980000)
 ParOldGen       total 192000K, used 137868K [0x00000000a0000000, 0x00000000abb80000, 0x00000000e0000000)
  object space 192000K, 71% used [0x00000000a0000000,0x00000000a86a3098,0x00000000abb80000)
 Metaspace       used 71615K, capacity 74100K, committed 74328K, reserved 1114112K
  class space    used 9725K, capacity 10264K, committed 10368K, reserved 1048576K
Event: 73.915 GC heap after
Heap after GC invocations=28 (full 5):
 PSYoungGen      total 206336K, used 45507K [0x00000000e0000000, 0x00000000f1880000, 0x0000000100000000)
  eden space 151040K, 0% used [0x00000000e0000000,0x00000000e0000000,0x00000000e9380000)
  from space 55296K, 82% used [0x00000000e9380000,0x00000000ebff0f00,0x00000000ec980000)
  to   space 61440K, 0% used [0x00000000edc80000,0x00000000edc80000,0x00000000f1880000)
 ParOldGen       total 192000K, used 137876K [0x00000000a0000000, 0x00000000abb80000, 0x00000000e0000000)
  object space 192000K, 71% used [0x00000000a0000000,0x00000000a86a5098,0x00000000abb80000)
 Metaspace       used 71615K, capacity 74100K, committed 74328K, reserved 1114112K
  class space    used 9725K, capacity 10264K, committed 10368K, reserved 1048576K
}
Event: 82.436 GC heap before
{Heap before GC invocations=29 (full 5):
 PSYoungGen      total 206336K, used 196547K [0x00000000e0000000, 0x00000000f1880000, 0x0000000100000000)
  eden space 151040K, 100% used [0x00000000e0000000,0x00000000e9380000,0x00000000e9380000)
  from space 55296K, 82% used [0x00000000e9380000,0x00000000ebff0f00,0x00000000ec980000)
  to   space 61440K, 0% used [0x00000000edc80000,0x00000000edc80000,0x00000000f1880000)
 ParOldGen       total 192000K, used 137876K [0x00000000a0000000, 0x00000000abb80000, 0x00000000e0000000)
  object space 192000K, 71% used [0x00000000a0000000,0x00000000a86a5098,0x00000000abb80000)
 Metaspace       used 78016K, capacity 81036K, committed 81240K, reserved 1120256K
  class space    used 10505K, capacity 11112K, committed 11136K, reserved 1048576K
Event: 82.495 GC heap after
Heap after GC invocations=29 (full 5):
 PSYoungGen      total 217600K, used 26914K [0x00000000e0000000, 0x00000000f1280000, 0x0000000100000000)
  eden space 162304K, 0% used [0x00000000e0000000,0x00000000e0000000,0x00000000e9e80000)
  from space 55296K, 48% used [0x00000000edc80000,0x00000000ef6c8a58,0x00000000f1280000)
  to   space 59392K, 0% used [0x00000000e9e80000,0x00000000e9e80000,0x00000000ed880000)
 ParOldGen       total 192000K, used 137884K [0x00000000a0000000, 0x00000000abb80000, 0x00000000e0000000)
  object space 192000K, 71% used [0x00000000a0000000,0x00000000a86a7098,0x00000000abb80000)
 Metaspace       used 78016K, capacity 81036K, committed 81240K, reserved 1120256K
  class space    used 10505K, capacity 11112K, committed 11136K, reserved 1048576K
}
Event: 567.740 GC heap before
{Heap before GC invocations=30 (full 5):
 PSYoungGen      total 217600K, used 189218K [0x00000000e0000000, 0x00000000f1280000, 0x0000000100000000)
  eden space 162304K, 100% used [0x00000000e0000000,0x00000000e9e80000,0x00000000e9e80000)
  from space 55296K, 48% used [0x00000000edc80000,0x00000000ef6c8a58,0x00000000f1280000)
  to   space 59392K, 0% used [0x00000000e9e80000,0x00000000e9e80000,0x00000000ed880000)
 ParOldGen       total 192000K, used 137884K [0x00000000a0000000, 0x00000000abb80000, 0x00000000e0000000)
  object space 192000K, 71% used [0x00000000a0000000,0x00000000a86a7098,0x00000000abb80000)
 Metaspace       used 80204K, capacity 83352K, committed 83544K, reserved 1122304K
  class space    used 10733K, capacity 11388K, committed 11392K, reserved 1048576K
Event: 574.510 GC heap after
Heap after GC invocations=30 (full 5):
 PSYoungGen      total 221696K, used 32200K [0x00000000e0000000, 0x00000000f1b00000, 0x0000000100000000)
  eden space 162304K, 0% used [0x00000000e0000000,0x00000000e0000000,0x00000000e9e80000)
  from space 59392K, 54% used [0x00000000e9e80000,0x00000000ebdf22f8,0x00000000ed880000)
  to   space 59392K, 0% used [0x00000000ee100000,0x00000000ee100000,0x00000000f1b00000)
 ParOldGen       total 192000K, used 137892K [0x00000000a0000000, 0x00000000abb80000, 0x00000000e0000000)
  object space 192000K, 71% used [0x00000000a0000000,0x00000000a86a9098,0x00000000abb80000)
 Metaspace       used 80204K, capacity 83352K, committed 83544K, reserved 1122304K
  class space    used 10733K, capacity 11388K, committed 11392K, reserved 1048576K
}

