# JRE version: OpenJDK Runtime Environment (8.0_202-b03) (build 1.8.0_202-release-1483-b03)
# Java VM: OpenJDK 64-Bit Server VM (25.202-b03 mixed mode windows-amd64 compressed oops)
Heap:
 PSYoungGen      total 92160K, used 54664K [0x00000000f6380000, 0x00000000fd380000, 0x0000000100000000)
  eden space 72704K, 68% used [0x00000000f6380000,0x00000000f94456f0,0x00000000faa80000)
  from space 19456K, 24% used [0x00000000faa80000,0x00000000faf1ca28,0x00000000fbd80000)
  to   space 17408K, 0% used [0x00000000fbd80000,0x00000000fbd80000,0x00000000fce80000)
 ParOldGen       total 44032K, used 44018K [0x00000000e2a00000, 0x00000000e5500000, 0x00000000f6380000)
  object space 44032K, 99% used [0x00000000e2a00000,0x00000000e54fc9d8,0x00000000e5500000)
 Metaspace       used 58752K, capacity 59885K, committed 60080K, reserved 1101824K
  class space    used 7014K, capacity 7311K, committed 7344K, reserved 1048576K
GC Heap History (10 events):
Event: 21.140 GC heap before
{Heap before GC invocations=14 (full 2):
 PSYoungGen      total 56320K, used 50102K [0x00000000f6380000, 0x00000000fb480000, 0x0000000100000000)
  eden space 49152K, 100% used [0x00000000f6380000,0x00000000f9380000,0x00000000f9380000)
  from space 7168K, 13% used [0x00000000f9380000,0x00000000f946d980,0x00000000f9a80000)
  to   space 11776K, 0% used [0x00000000fa900000,0x00000000fa900000,0x00000000fb480000)
 ParOldGen       total 44032K, used 20876K [0x00000000e2a00000, 0x00000000e5500000, 0x00000000f6380000)
  object space 44032K, 47% used [0x00000000e2a00000,0x00000000e3e631f8,0x00000000e5500000)
 Metaspace       used 37718K, capacity 38325K, committed 38832K, reserved 1083392K
  class space    used 4776K, capacity 4921K, committed 5040K, reserved 1048576K
Event: 21.178 GC heap after
Heap after GC invocations=14 (full 2):
 PSYoungGen      total 69632K, used 11196K [0x00000000f6380000, 0x00000000fbb80000, 0x0000000100000000)
  eden space 57856K, 0% used [0x00000000f6380000,0x00000000f6380000,0x00000000f9c00000)
  from space 11776K, 95% used [0x00000000fa900000,0x00000000fb3ef2d0,0x00000000fb480000)
  to   space 13312K, 0% used [0x00000000f9c00000,0x00000000f9c00000,0x00000000fa900000)
 ParOldGen       total 44032K, used 21271K [0x00000000e2a00000, 0x00000000e5500000, 0x00000000f6380000)
  object space 44032K, 48% used [0x00000000e2a00000,0x00000000e3ec5db0,0x00000000e5500000)
 Metaspace       used 37718K, capacity 38325K, committed 38832K, reserved 1083392K
  class space    used 4776K, capacity 4921K, committed 5040K, reserved 1048576K
}
Event: 24.473 GC heap before
{Heap before GC invocations=15 (full 2):
 PSYoungGen      total 69632K, used 69052K [0x00000000f6380000, 0x00000000fbb80000, 0x0000000100000000)
  eden space 57856K, 100% used [0x00000000f6380000,0x00000000f9c00000,0x00000000f9c00000)
  from space 11776K, 95% used [0x00000000fa900000,0x00000000fb3ef2d0,0x00000000fb480000)
  to   space 13312K, 0% used [0x00000000f9c00000,0x00000000f9c00000,0x00000000fa900000)
 ParOldGen       total 44032K, used 21271K [0x00000000e2a00000, 0x00000000e5500000, 0x00000000f6380000)
  object space 44032K, 48% used [0x00000000e2a00000,0x00000000e3ec5db0,0x00000000e5500000)
 Metaspace       used 41389K, capacity 42033K, committed 42416K, reserved 1087488K
  class space    used 5050K, capacity 5205K, committed 5296K, reserved 1048576K
Event: 24.518 GC heap after
Heap after GC invocations=15 (full 2):
 PSYoungGen      total 71168K, used 13300K [0x00000000f6380000, 0x00000000fce80000, 0x0000000100000000)
  eden space 57856K, 0% used [0x00000000f6380000,0x00000000f6380000,0x00000000f9c00000)
  from space 13312K, 99% used [0x00000000f9c00000,0x00000000fa8fd380,0x00000000fa900000)
  to   space 17408K, 0% used [0x00000000fbd80000,0x00000000fbd80000,0x00000000fce80000)
 ParOldGen       total 44032K, used 26008K [0x00000000e2a00000, 0x00000000e5500000, 0x00000000f6380000)
  object space 44032K, 59% used [0x00000000e2a00000,0x00000000e4366310,0x00000000e5500000)
 Metaspace       used 41389K, capacity 42033K, committed 42416K, reserved 1087488K
  class space    used 5050K, capacity 5205K, committed 5296K, reserved 1048576K
}
Event: 27.258 GC heap before
{Heap before GC invocations=16 (full 2):
 PSYoungGen      total 71168K, used 71156K [0x00000000f6380000, 0x00000000fce80000, 0x0000000100000000)
  eden space 57856K, 100% used [0x00000000f6380000,0x00000000f9c00000,0x00000000f9c00000)
  from space 13312K, 99% used [0x00000000f9c00000,0x00000000fa8fd380,0x00000000fa900000)
  to   space 17408K, 0% used [0x00000000fbd80000,0x00000000fbd80000,0x00000000fce80000)
 ParOldGen       total 44032K, used 26008K [0x00000000e2a00000, 0x00000000e5500000, 0x00000000f6380000)
  object space 44032K, 59% used [0x00000000e2a00000,0x00000000e4366310,0x00000000e5500000)
 Metaspace       used 46667K, capacity 47469K, committed 47792K, reserved 1091584K
  class space    used 5766K, capacity 6003K, committed 6064K, reserved 1048576K
Event: 27.319 GC heap after
Heap after GC invocations=16 (full 2):
 PSYoungGen      total 90112K, used 15536K [0x00000000f6380000, 0x00000000fd380000, 0x0000000100000000)
  eden space 72704K, 0% used [0x00000000f6380000,0x00000000f6380000,0x00000000faa80000)
  from space 17408K, 89% used [0x00000000fbd80000,0x00000000fccac080,0x00000000fce80000)
  to   space 19456K, 0% used [0x00000000faa80000,0x00000000faa80000,0x00000000fbd80000)
 ParOldGen       total 44032K, used 34642K [0x00000000e2a00000, 0x00000000e5500000, 0x00000000f6380000)
  object space 44032K, 78% used [0x00000000e2a00000,0x00000000e4bd4bb8,0x00000000e5500000)
 Metaspace       used 46667K, capacity 47469K, committed 47792K, reserved 1091584K
  class space    used 5766K, capacity 6003K, committed 6064K, reserved 1048576K
}
Event: 32.100 GC heap before
{Heap before GC invocations=17 (full 2):
 PSYoungGen      total 90112K, used 78525K [0x00000000f6380000, 0x00000000fd380000, 0x0000000100000000)
  eden space 72704K, 86% used [0x00000000f6380000,0x00000000fa103508,0x00000000faa80000)
  from space 17408K, 89% used [0x00000000fbd80000,0x00000000fccac080,0x00000000fce80000)
  to   space 19456K, 0% used [0x00000000faa80000,0x00000000faa80000,0x00000000fbd80000)
 ParOldGen       total 44032K, used 34642K [0x00000000e2a00000, 0x00000000e5500000, 0x00000000f6380000)
  object space 44032K, 78% used [0x00000000e2a00000,0x00000000e4bd4bb8,0x00000000e5500000)
 Metaspace       used 52594K, capacity 53571K, committed 53628K, reserved 1095680K
  class space    used 6422K, capacity 6694K, committed 6704K, reserved 1048576K
Event: 32.136 GC heap after
Heap after GC invocations=17 (full 2):
 PSYoungGen      total 92160K, used 15330K [0x00000000f6380000, 0x00000000fd380000, 0x0000000100000000)
  eden space 72704K, 0% used [0x00000000f6380000,0x00000000f6380000,0x00000000faa80000)
  from space 19456K, 78% used [0x00000000faa80000,0x00000000fb9789f8,0x00000000fbd80000)
  to   space 17408K, 0% used [0x00000000fbd80000,0x00000000fbd80000,0x00000000fce80000)
 ParOldGen       total 44032K, used 42288K [0x00000000e2a00000, 0x00000000e5500000, 0x00000000f6380000)
  object space 44032K, 96% used [0x00000000e2a00000,0x00000000e534c160,0x00000000e5500000)
 Metaspace       used 52594K, capacity 53571K, committed 53628K, reserved 1095680K
  class space    used 6422K, capacity 6694K, committed 6704K, reserved 1048576K
}
Event: 32.136 GC heap before
{Heap before GC invocations=18 (full 3):
 PSYoungGen      total 92160K, used 15330K [0x00000000f6380000, 0x00000000fd380000, 0x0000000100000000)
  eden space 72704K, 0% used [0x00000000f6380000,0x00000000f6380000,0x00000000faa80000)
  from space 19456K, 78% used [0x00000000faa80000,0x00000000fb9789f8,0x00000000fbd80000)
  to   space 17408K, 0% used [0x00000000fbd80000,0x00000000fbd80000,0x00000000fce80000)
 ParOldGen       total 44032K, used 42288K [0x00000000e2a00000, 0x00000000e5500000, 0x00000000f6380000)
  object space 44032K, 96% used [0x00000000e2a00000,0x00000000e534c160,0x00000000e5500000)
 Metaspace       used 52594K, capacity 53571K, committed 53628K, reserved 1095680K
  class space    used 6422K, capacity 6694K, committed 6704K, reserved 1048576K
Event: 32.662 GC heap after
Heap after GC invocations=18 (full 3):
 PSYoungGen      total 92160K, used 4722K [0x00000000f6380000, 0x00000000fd380000, 0x0000000100000000)
  eden space 72704K, 0% used [0x00000000f6380000,0x00000000f6380000,0x00000000faa80000)
  from space 19456K, 24% used [0x00000000faa80000,0x00000000faf1ca28,0x00000000fbd80000)
  to   space 17408K, 0% used [0x00000000fbd80000,0x00000000fbd80000,0x00000000fce80000)
 ParOldGen       total 44032K, used 44018K [0x00000000e2a00000, 0x00000000e5500000, 0x00000000f6380000)
  object space 44032K, 99% used [0x00000000e2a00000,0x00000000e54fc9d8,0x00000000e5500000)
 Metaspace       used 52594K, capacity 53571K, committed 53628K, reserved 1095680K
  class space    used 6422K, capacity 6694K, committed 6704K, reserved 1048576K
}

