# JRE version: OpenJDK Runtime Environment (8.0_202-b03) (build 1.8.0_202-release-1483-b03)
# Java VM: OpenJDK 64-Bit Server VM (25.202-b03 mixed mode windows-amd64 compressed oops)
Heap:
 PSYoungGen      total 55808K, used 27077K [0x00000000f6380000, 0x00000000faa00000, 0x0000000100000000)
  eden space 46592K, 38% used [0x00000000f6380000,0x00000000f74f3620,0x00000000f9100000)
  from space 9216K, 99% used [0x00000000f9c80000,0x00000000fa57dfc8,0x00000000fa580000)
  to   space 11776K, 0% used [0x00000000f9100000,0x00000000f9100000,0x00000000f9c80000)
 ParOldGen       total 38912K, used 19962K [0x00000000e2a00000, 0x00000000e5000000, 0x00000000f6380000)
  object space 38912K, 51% used [0x00000000e2a00000,0x00000000e3d7e920,0x00000000e5000000)
 Metaspace       used 41435K, capacity 42030K, committed 42416K, reserved 1087488K
  class space    used 5057K, capacity 5207K, committed 5296K, reserved 1048576K
GC Heap History (10 events):
Event: 12.921 GC heap before
{Heap before GC invocations=14 (full 1):
 PSYoungGen      total 34816K, used 34626K [0x00000000f6380000, 0x00000000f8d80000, 0x0000000100000000)
  eden space 28672K, 100% used [0x00000000f6380000,0x00000000f7f80000,0x00000000f7f80000)
  from space 6144K, 96% used [0x00000000f8600000,0x00000000f8bd08b8,0x00000000f8c00000)
  to   space 6656K, 0% used [0x00000000f7f80000,0x00000000f7f80000,0x00000000f8600000)
 ParOldGen       total 22528K, used 12550K [0x00000000e2a00000, 0x00000000e4000000, 0x00000000f6380000)
  object space 22528K, 55% used [0x00000000e2a00000,0x00000000e3641910,0x00000000e4000000)
 Metaspace       used 32662K, capacity 33152K, committed 33584K, reserved 1079296K
  class space    used 4135K, capacity 4282K, committed 4400K, reserved 1048576K
Event: 12.936 GC heap after
Heap after GC invocations=14 (full 1):
 PSYoungGen      total 35328K, used 6642K [0x00000000f6380000, 0x00000000f9b00000, 0x0000000100000000)
  eden space 28672K, 0% used [0x00000000f6380000,0x00000000f6380000,0x00000000f7f80000)
  from space 6656K, 99% used [0x00000000f7f80000,0x00000000f85fc9d8,0x00000000f8600000)
  to   space 8704K, 0% used [0x00000000f9280000,0x00000000f9280000,0x00000000f9b00000)
 ParOldGen       total 22528K, used 15777K [0x00000000e2a00000, 0x00000000e4000000, 0x00000000f6380000)
  object space 22528K, 70% used [0x00000000e2a00000,0x00000000e39684a0,0x00000000e4000000)
 Metaspace       used 32662K, capacity 33152K, committed 33584K, reserved 1079296K
  class space    used 4135K, capacity 4282K, committed 4400K, reserved 1048576K
}
Event: 13.492 GC heap before
{Heap before GC invocations=15 (full 1):
 PSYoungGen      total 35328K, used 14073K [0x00000000f6380000, 0x00000000f9b00000, 0x0000000100000000)
  eden space 28672K, 25% used [0x00000000f6380000,0x00000000f6ac1cc0,0x00000000f7f80000)
  from space 6656K, 99% used [0x00000000f7f80000,0x00000000f85fc9d8,0x00000000f8600000)
  to   space 8704K, 0% used [0x00000000f9280000,0x00000000f9280000,0x00000000f9b00000)
 ParOldGen       total 22528K, used 15777K [0x00000000e2a00000, 0x00000000e4000000, 0x00000000f6380000)
  object space 22528K, 70% used [0x00000000e2a00000,0x00000000e39684a0,0x00000000e4000000)
 Metaspace       used 34714K, capacity 35194K, committed 35496K, reserved 1081344K
  class space    used 4413K, capacity 4551K, committed 4656K, reserved 1048576K
Event: 13.507 GC heap after
Heap after GC invocations=15 (full 1):
 PSYoungGen      total 48128K, used 2102K [0x00000000f6380000, 0x00000000f9b80000, 0x0000000100000000)
  eden space 39424K, 0% used [0x00000000f6380000,0x00000000f6380000,0x00000000f8a00000)
  from space 8704K, 24% used [0x00000000f9280000,0x00000000f948d858,0x00000000f9b00000)
  to   space 8704K, 0% used [0x00000000f8a00000,0x00000000f8a00000,0x00000000f9280000)
 ParOldGen       total 22528K, used 18142K [0x00000000e2a00000, 0x00000000e4000000, 0x00000000f6380000)
  object space 22528K, 80% used [0x00000000e2a00000,0x00000000e3bb7ae8,0x00000000e4000000)
 Metaspace       used 34714K, capacity 35194K, committed 35496K, reserved 1081344K
  class space    used 4413K, capacity 4551K, committed 4656K, reserved 1048576K
}
Event: 13.507 GC heap before
{Heap before GC invocations=16 (full 2):
 PSYoungGen      total 48128K, used 2102K [0x00000000f6380000, 0x00000000f9b80000, 0x0000000100000000)
  eden space 39424K, 0% used [0x00000000f6380000,0x00000000f6380000,0x00000000f8a00000)
  from space 8704K, 24% used [0x00000000f9280000,0x00000000f948d858,0x00000000f9b00000)
  to   space 8704K, 0% used [0x00000000f8a00000,0x00000000f8a00000,0x00000000f9280000)
 ParOldGen       total 22528K, used 18142K [0x00000000e2a00000, 0x00000000e4000000, 0x00000000f6380000)
  object space 22528K, 80% used [0x00000000e2a00000,0x00000000e3bb7ae8,0x00000000e4000000)
 Metaspace       used 34714K, capacity 35194K, committed 35496K, reserved 1081344K
  class space    used 4413K, capacity 4551K, committed 4656K, reserved 1048576K
Event: 13.675 GC heap after
Heap after GC invocations=16 (full 2):
 PSYoungGen      total 48128K, used 0K [0x00000000f6380000, 0x00000000f9b80000, 0x0000000100000000)
  eden space 39424K, 0% used [0x00000000f6380000,0x00000000f6380000,0x00000000f8a00000)
  from space 8704K, 0% used [0x00000000f9280000,0x00000000f9280000,0x00000000f9b00000)
  to   space 8704K, 0% used [0x00000000f8a00000,0x00000000f8a00000,0x00000000f9280000)
 ParOldGen       total 38912K, used 16807K [0x00000000e2a00000, 0x00000000e5000000, 0x00000000f6380000)
  object space 38912K, 43% used [0x00000000e2a00000,0x00000000e3a69c40,0x00000000e5000000)
 Metaspace       used 34714K, capacity 35194K, committed 35496K, reserved 1081344K
  class space    used 4413K, capacity 4551K, committed 4656K, reserved 1048576K
}
Event: 16.599 GC heap before
{Heap before GC invocations=17 (full 2):
 PSYoungGen      total 48128K, used 39424K [0x00000000f6380000, 0x00000000f9b80000, 0x0000000100000000)
  eden space 39424K, 100% used [0x00000000f6380000,0x00000000f8a00000,0x00000000f8a00000)
  from space 8704K, 0% used [0x00000000f9280000,0x00000000f9280000,0x00000000f9b00000)
  to   space 8704K, 0% used [0x00000000f8a00000,0x00000000f8a00000,0x00000000f9280000)
 ParOldGen       total 38912K, used 16807K [0x00000000e2a00000, 0x00000000e5000000, 0x00000000f6380000)
  object space 38912K, 43% used [0x00000000e2a00000,0x00000000e3a69c40,0x00000000e5000000)
 Metaspace       used 38135K, capacity 38730K, committed 39088K, reserved 1083392K
  class space    used 4841K, capacity 4993K, committed 5040K, reserved 1048576K
Event: 16.612 GC heap after
Heap after GC invocations=17 (full 2):
 PSYoungGen      total 48128K, used 6521K [0x00000000f6380000, 0x00000000fa580000, 0x0000000100000000)
  eden space 39424K, 0% used [0x00000000f6380000,0x00000000f6380000,0x00000000f8a00000)
  from space 8704K, 74% used [0x00000000f8a00000,0x00000000f905e618,0x00000000f9280000)
  to   space 9216K, 0% used [0x00000000f9c80000,0x00000000f9c80000,0x00000000fa580000)
 ParOldGen       total 38912K, used 16815K [0x00000000e2a00000, 0x00000000e5000000, 0x00000000f6380000)
  object space 38912K, 43% used [0x00000000e2a00000,0x00000000e3a6bc40,0x00000000e5000000)
 Metaspace       used 38135K, capacity 38730K, committed 39088K, reserved 1083392K
  class space    used 4841K, capacity 4993K, committed 5040K, reserved 1048576K
}
Event: 19.292 GC heap before
{Heap before GC invocations=18 (full 2):
 PSYoungGen      total 48128K, used 45945K [0x00000000f6380000, 0x00000000fa580000, 0x0000000100000000)
  eden space 39424K, 100% used [0x00000000f6380000,0x00000000f8a00000,0x00000000f8a00000)
  from space 8704K, 74% used [0x00000000f8a00000,0x00000000f905e618,0x00000000f9280000)
  to   space 9216K, 0% used [0x00000000f9c80000,0x00000000f9c80000,0x00000000fa580000)
 ParOldGen       total 38912K, used 16815K [0x00000000e2a00000, 0x00000000e5000000, 0x00000000f6380000)
  object space 38912K, 43% used [0x00000000e2a00000,0x00000000e3a6bc40,0x00000000e5000000)
 Metaspace       used 40767K, capacity 41366K, committed 41648K, reserved 1085440K
  class space    used 5036K, capacity 5199K, committed 5296K, reserved 1048576K
Event: 19.317 GC heap after
Heap after GC invocations=18 (full 2):
 PSYoungGen      total 55808K, used 9207K [0x00000000f6380000, 0x00000000faa00000, 0x0000000100000000)
  eden space 46592K, 0% used [0x00000000f6380000,0x00000000f6380000,0x00000000f9100000)
  from space 9216K, 99% used [0x00000000f9c80000,0x00000000fa57dfc8,0x00000000fa580000)
  to   space 11776K, 0% used [0x00000000f9100000,0x00000000f9100000,0x00000000f9c80000)
 ParOldGen       total 38912K, used 19962K [0x00000000e2a00000, 0x00000000e5000000, 0x00000000f6380000)
  object space 38912K, 51% used [0x00000000e2a00000,0x00000000e3d7e920,0x00000000e5000000)
 Metaspace       used 40767K, capacity 41366K, committed 41648K, reserved 1085440K
  class space    used 5036K, capacity 5199K, committed 5296K, reserved 1048576K
}

