# JRE version: OpenJDK Runtime Environment (8.0_202-b03) (build 1.8.0_202-release-1483-b03)
# Java VM: OpenJDK 64-Bit Server VM (25.202-b03 mixed mode windows-amd64 compressed oops)
Heap:
 PSYoungGen      total 300032K, used 84535K [0x00000000e0000000, 0x00000000f5f00000, 0x0000000100000000)
  eden space 273408K, 21% used [0x00000000e0000000,0x00000000e38e1948,0x00000000f0b00000)
  from space 26624K, 98% used [0x00000000f0b00000,0x00000000f24ac498,0x00000000f2500000)
  to   space 30720K, 0% used [0x00000000f4100000,0x00000000f4100000,0x00000000f5f00000)
 ParOldGen       total 96256K, used 49605K [0x00000000a0000000, 0x00000000a5e00000, 0x00000000e0000000)
  object space 96256K, 51% used [0x00000000a0000000,0x00000000a3071778,0x00000000a5e00000)
 Metaspace       used 105306K, capacity 110254K, committed 110464K, reserved 1144832K
  class space    used 13494K, capacity 14408K, committed 14464K, reserved 1048576K
GC Heap History (10 events):
Event: 6952.491 GC heap before
{Heap before GC invocations=45 (full 5):
 PSYoungGen      total 298496K, used 2288K [0x00000000e0000000, 0x00000000f3c80000, 0x0000000100000000)
  eden space 274432K, 0% used [0x00000000e0000000,0x00000000e0000000,0x00000000f0c00000)
  from space 24064K, 9% used [0x00000000f2400000,0x00000000f263c148,0x00000000f3b80000)
  to   space 24576K, 0% used [0x00000000f0c00000,0x00000000f0c00000,0x00000000f2400000)
 ParOldGen       total 96256K, used 75628K [0x00000000a0000000, 0x00000000a5e00000, 0x00000000e0000000)
  object space 96256K, 78% used [0x00000000a0000000,0x00000000a49db188,0x00000000a5e00000)
 Metaspace       used 100715K, capacity 105236K, committed 105600K, reserved 1140736K
  class space    used 12894K, capacity 13744K, committed 13952K, reserved 1048576K
Event: 6958.232 GC heap after
Heap after GC invocations=45 (full 5):
 PSYoungGen      total 298496K, used 0K [0x00000000e0000000, 0x00000000f3c80000, 0x0000000100000000)
  eden space 274432K, 0% used [0x00000000e0000000,0x00000000e0000000,0x00000000f0c00000)
  from space 24064K, 0% used [0x00000000f2400000,0x00000000f2400000,0x00000000f3b80000)
  to   space 24576K, 0% used [0x00000000f0c00000,0x00000000f0c00000,0x00000000f2400000)
 ParOldGen       total 96256K, used 57002K [0x00000000a0000000, 0x00000000a5e00000, 0x00000000e0000000)
  object space 96256K, 59% used [0x00000000a0000000,0x00000000a37aab68,0x00000000a5e00000)
 Metaspace       used 100290K, capacity 104240K, committed 105600K, reserved 1140736K
  class space    used 12781K, capacity 13542K, committed 13952K, reserved 1048576K
}
Event: 10558.334 GC heap before
{Heap before GC invocations=46 (full 5):
 PSYoungGen      total 298496K, used 34038K [0x00000000e0000000, 0x00000000f3c80000, 0x0000000100000000)
  eden space 274432K, 12% used [0x00000000e0000000,0x00000000e213d810,0x00000000f0c00000)
  from space 24064K, 0% used [0x00000000f2400000,0x00000000f2400000,0x00000000f3b80000)
  to   space 24576K, 0% used [0x00000000f0c00000,0x00000000f0c00000,0x00000000f2400000)
 ParOldGen       total 96256K, used 57002K [0x00000000a0000000, 0x00000000a5e00000, 0x00000000e0000000)
  object space 96256K, 59% used [0x00000000a0000000,0x00000000a37aab68,0x00000000a5e00000)
 Metaspace       used 100306K, capacity 104240K, committed 105600K, reserved 1140736K
  class space    used 12782K, capacity 13542K, committed 13952K, reserved 1048576K
Event: 10559.333 GC heap after
Heap after GC invocations=46 (full 5):
 PSYoungGen      total 299008K, used 256K [0x00000000e0000000, 0x00000000f3d80000, 0x0000000100000000)
  eden space 274432K, 0% used [0x00000000e0000000,0x00000000e0000000,0x00000000f0c00000)
  from space 24576K, 1% used [0x00000000f0c00000,0x00000000f0c40000,0x00000000f2400000)
  to   space 25088K, 0% used [0x00000000f2500000,0x00000000f2500000,0x00000000f3d80000)
 ParOldGen       total 96256K, used 57010K [0x00000000a0000000, 0x00000000a5e00000, 0x00000000e0000000)
  object space 96256K, 59% used [0x00000000a0000000,0x00000000a37acb68,0x00000000a5e00000)
 Metaspace       used 100306K, capacity 104240K, committed 105600K, reserved 1140736K
  class space    used 12782K, capacity 13542K, committed 13952K, reserved 1048576K
}
Event: 10559.333 GC heap before
{Heap before GC invocations=47 (full 6):
 PSYoungGen      total 299008K, used 256K [0x00000000e0000000, 0x00000000f3d80000, 0x0000000100000000)
  eden space 274432K, 0% used [0x00000000e0000000,0x00000000e0000000,0x00000000f0c00000)
  from space 24576K, 1% used [0x00000000f0c00000,0x00000000f0c40000,0x00000000f2400000)
  to   space 25088K, 0% used [0x00000000f2500000,0x00000000f2500000,0x00000000f3d80000)
 ParOldGen       total 96256K, used 57010K [0x00000000a0000000, 0x00000000a5e00000, 0x00000000e0000000)
  object space 96256K, 59% used [0x00000000a0000000,0x00000000a37acb68,0x00000000a5e00000)
 Metaspace       used 100306K, capacity 104240K, committed 105600K, reserved 1140736K
  class space    used 12782K, capacity 13542K, committed 13952K, reserved 1048576K
Event: 10574.800 GC heap after
Heap after GC invocations=47 (full 6):
 PSYoungGen      total 299008K, used 0K [0x00000000e0000000, 0x00000000f3d80000, 0x0000000100000000)
  eden space 274432K, 0% used [0x00000000e0000000,0x00000000e0000000,0x00000000f0c00000)
  from space 24576K, 0% used [0x00000000f0c00000,0x00000000f0c00000,0x00000000f2400000)
  to   space 25088K, 0% used [0x00000000f2500000,0x00000000f2500000,0x00000000f3d80000)
 ParOldGen       total 96256K, used 49589K [0x00000000a0000000, 0x00000000a5e00000, 0x00000000e0000000)
  object space 96256K, 51% used [0x00000000a0000000,0x00000000a306d778,0x00000000a5e00000)
 Metaspace       used 98011K, capacity 101172K, committed 105600K, reserved 1140736K
  class space    used 12412K, capacity 13036K, committed 13952K, reserved 1048576K
}
Event: 10770.542 GC heap before
{Heap before GC invocations=48 (full 6):
 PSYoungGen      total 299008K, used 274432K [0x00000000e0000000, 0x00000000f3d80000, 0x0000000100000000)
  eden space 274432K, 100% used [0x00000000e0000000,0x00000000f0c00000,0x00000000f0c00000)
  from space 24576K, 0% used [0x00000000f0c00000,0x00000000f0c00000,0x00000000f2400000)
  to   space 25088K, 0% used [0x00000000f2500000,0x00000000f2500000,0x00000000f3d80000)
 ParOldGen       total 96256K, used 49589K [0x00000000a0000000, 0x00000000a5e00000, 0x00000000e0000000)
  object space 96256K, 51% used [0x00000000a0000000,0x00000000a306d778,0x00000000a5e00000)
 Metaspace       used 100288K, capacity 104258K, committed 105856K, reserved 1140736K
  class space    used 12784K, capacity 13571K, committed 13952K, reserved 1048576K
Event: 10771.583 GC heap after
Heap after GC invocations=48 (full 6):
 PSYoungGen      total 298496K, used 18414K [0x00000000e0000000, 0x00000000f5c00000, 0x0000000100000000)
  eden space 273408K, 0% used [0x00000000e0000000,0x00000000e0000000,0x00000000f0b00000)
  from space 25088K, 73% used [0x00000000f2500000,0x00000000f36fbaf0,0x00000000f3d80000)
  to   space 26624K, 0% used [0x00000000f0b00000,0x00000000f0b00000,0x00000000f2500000)
 ParOldGen       total 96256K, used 49597K [0x00000000a0000000, 0x00000000a5e00000, 0x00000000e0000000)
  object space 96256K, 51% used [0x00000000a0000000,0x00000000a306f778,0x00000000a5e00000)
 Metaspace       used 100288K, capacity 104258K, committed 105856K, reserved 1140736K
  class space    used 12784K, capacity 13571K, committed 13952K, reserved 1048576K
}
Event: 11464.608 GC heap before
{Heap before GC invocations=49 (full 6):
 PSYoungGen      total 298496K, used 291822K [0x00000000e0000000, 0x00000000f5c00000, 0x0000000100000000)
  eden space 273408K, 100% used [0x00000000e0000000,0x00000000f0b00000,0x00000000f0b00000)
  from space 25088K, 73% used [0x00000000f2500000,0x00000000f36fbaf0,0x00000000f3d80000)
  to   space 26624K, 0% used [0x00000000f0b00000,0x00000000f0b00000,0x00000000f2500000)
 ParOldGen       total 96256K, used 49597K [0x00000000a0000000, 0x00000000a5e00000, 0x00000000e0000000)
  object space 96256K, 51% used [0x00000000a0000000,0x00000000a306f778,0x00000000a5e00000)
 Metaspace       used 104832K, capacity 109548K, committed 109952K, reserved 1144832K
  class space    used 13426K, capacity 14333K, committed 14464K, reserved 1048576K
Event: 11470.426 GC heap after
Heap after GC invocations=49 (full 6):
 PSYoungGen      total 300032K, used 26289K [0x00000000e0000000, 0x00000000f5f00000, 0x0000000100000000)
  eden space 273408K, 0% used [0x00000000e0000000,0x00000000e0000000,0x00000000f0b00000)
  from space 26624K, 98% used [0x00000000f0b00000,0x00000000f24ac498,0x00000000f2500000)
  to   space 30720K, 0% used [0x00000000f4100000,0x00000000f4100000,0x00000000f5f00000)
 ParOldGen       total 96256K, used 49605K [0x00000000a0000000, 0x00000000a5e00000, 0x00000000e0000000)
  object space 96256K, 51% used [0x00000000a0000000,0x00000000a3071778,0x00000000a5e00000)
 Metaspace       used 104832K, capacity 109548K, committed 109952K, reserved 1144832K
  class space    used 13426K, capacity 14333K, committed 14464K, reserved 1048576K
}

