# JRE version: OpenJDK Runtime Environment (8.0_202-b03) (build 1.8.0_202-release-1483-b03)
# Java VM: OpenJDK 64-Bit Server VM (25.202-b03 mixed mode windows-amd64 compressed oops)
Heap:
 PSYoungGen      total 84992K, used 61760K [0x00000000f6380000, 0x00000000fe080000, 0x0000000100000000)
  eden space 67072K, 86% used [0x00000000f6380000,0x00000000f9bd9608,0x00000000fa500000)
  from space 17920K, 22% used [0x00000000fa500000,0x00000000fa8f6bd8,0x00000000fb680000)
  to   space 23552K, 0% used [0x00000000fc980000,0x00000000fc980000,0x00000000fe080000)
 ParOldGen       total 46592K, used 46253K [0x00000000e2a00000, 0x00000000e5780000, 0x00000000f6380000)
  object space 46592K, 99% used [0x00000000e2a00000,0x00000000e572b6e0,0x00000000e5780000)
 Metaspace       used 58409K, capacity 59574K, committed 59824K, reserved 1101824K
  class space    used 6970K, capacity 7269K, committed 7344K, reserved 1048576K
GC Heap History (10 events):
Event: 10.915 GC heap before
{Heap before GC invocations=14 (full 2):
 PSYoungGen      total 56320K, used 49152K [0x00000000f6380000, 0x00000000fb300000, 0x0000000100000000)
  eden space 49152K, 100% used [0x00000000f6380000,0x00000000f9380000,0x00000000f9380000)
  from space 7168K, 0% used [0x00000000f9380000,0x00000000f9380000,0x00000000f9a80000)
  to   space 11776K, 0% used [0x00000000fa780000,0x00000000fa780000,0x00000000fb300000)
 ParOldGen       total 46592K, used 21831K [0x00000000e2a00000, 0x00000000e5780000, 0x00000000f6380000)
  object space 46592K, 46% used [0x00000000e2a00000,0x00000000e3f51e00,0x00000000e5780000)
 Metaspace       used 37266K, capacity 37884K, committed 38192K, reserved 1083392K
  class space    used 4725K, capacity 4888K, committed 4912K, reserved 1048576K
Event: 10.940 GC heap after
Heap after GC invocations=14 (full 2):
 PSYoungGen      total 68096K, used 10822K [0x00000000f6380000, 0x00000000fb900000, 0x0000000100000000)
  eden space 56320K, 0% used [0x00000000f6380000,0x00000000f6380000,0x00000000f9a80000)
  from space 11776K, 91% used [0x00000000fa780000,0x00000000fb211930,0x00000000fb300000)
  to   space 13312K, 0% used [0x00000000f9a80000,0x00000000f9a80000,0x00000000fa780000)
 ParOldGen       total 46592K, used 21839K [0x00000000e2a00000, 0x00000000e5780000, 0x00000000f6380000)
  object space 46592K, 46% used [0x00000000e2a00000,0x00000000e3f53e00,0x00000000e5780000)
 Metaspace       used 37266K, capacity 37884K, committed 38192K, reserved 1083392K
  class space    used 4725K, capacity 4888K, committed 4912K, reserved 1048576K
}
Event: 16.479 GC heap before
{Heap before GC invocations=15 (full 2):
 PSYoungGen      total 68096K, used 67142K [0x00000000f6380000, 0x00000000fb900000, 0x0000000100000000)
  eden space 56320K, 100% used [0x00000000f6380000,0x00000000f9a80000,0x00000000f9a80000)
  from space 11776K, 91% used [0x00000000fa780000,0x00000000fb211930,0x00000000fb300000)
  to   space 13312K, 0% used [0x00000000f9a80000,0x00000000f9a80000,0x00000000fa780000)
 ParOldGen       total 46592K, used 21839K [0x00000000e2a00000, 0x00000000e5780000, 0x00000000f6380000)
  object space 46592K, 46% used [0x00000000e2a00000,0x00000000e3f53e00,0x00000000e5780000)
 Metaspace       used 41258K, capacity 41880K, committed 42160K, reserved 1085440K
  class space    used 5050K, capacity 5202K, committed 5296K, reserved 1048576K
Event: 16.507 GC heap after
Heap after GC invocations=15 (full 2):
 PSYoungGen      total 69632K, used 13305K [0x00000000f6380000, 0x00000000fc700000, 0x0000000100000000)
  eden space 56320K, 0% used [0x00000000f6380000,0x00000000f6380000,0x00000000f9a80000)
  from space 13312K, 99% used [0x00000000f9a80000,0x00000000fa77e740,0x00000000fa780000)
  to   space 16896K, 0% used [0x00000000fb680000,0x00000000fb680000,0x00000000fc700000)
 ParOldGen       total 46592K, used 25602K [0x00000000e2a00000, 0x00000000e5780000, 0x00000000f6380000)
  object space 46592K, 54% used [0x00000000e2a00000,0x00000000e4300920,0x00000000e5780000)
 Metaspace       used 41258K, capacity 41880K, committed 42160K, reserved 1085440K
  class space    used 5050K, capacity 5202K, committed 5296K, reserved 1048576K
}
Event: 19.427 GC heap before
{Heap before GC invocations=16 (full 2):
 PSYoungGen      total 69632K, used 69625K [0x00000000f6380000, 0x00000000fc700000, 0x0000000100000000)
  eden space 56320K, 100% used [0x00000000f6380000,0x00000000f9a80000,0x00000000f9a80000)
  from space 13312K, 99% used [0x00000000f9a80000,0x00000000fa77e740,0x00000000fa780000)
  to   space 16896K, 0% used [0x00000000fb680000,0x00000000fb680000,0x00000000fc700000)
 ParOldGen       total 46592K, used 25602K [0x00000000e2a00000, 0x00000000e5780000, 0x00000000f6380000)
  object space 46592K, 54% used [0x00000000e2a00000,0x00000000e4300920,0x00000000e5780000)
 Metaspace       used 44255K, capacity 44950K, committed 45360K, reserved 1089536K
  class space    used 5407K, capacity 5613K, committed 5680K, reserved 1048576K
Event: 19.474 GC heap after
Heap after GC invocations=16 (full 2):
 PSYoungGen      total 83968K, used 12274K [0x00000000f6380000, 0x00000000fc900000, 0x0000000100000000)
  eden space 67072K, 0% used [0x00000000f6380000,0x00000000f6380000,0x00000000fa500000)
  from space 16896K, 72% used [0x00000000fb680000,0x00000000fc27ca80,0x00000000fc700000)
  to   space 17920K, 0% used [0x00000000fa500000,0x00000000fa500000,0x00000000fb680000)
 ParOldGen       total 46592K, used 37418K [0x00000000e2a00000, 0x00000000e5780000, 0x00000000f6380000)
  object space 46592K, 80% used [0x00000000e2a00000,0x00000000e4e8aac0,0x00000000e5780000)
 Metaspace       used 44255K, capacity 44950K, committed 45360K, reserved 1089536K
  class space    used 5407K, capacity 5613K, committed 5680K, reserved 1048576K
}
Event: 24.057 GC heap before
{Heap before GC invocations=17 (full 2):
 PSYoungGen      total 83968K, used 79346K [0x00000000f6380000, 0x00000000fc900000, 0x0000000100000000)
  eden space 67072K, 100% used [0x00000000f6380000,0x00000000fa500000,0x00000000fa500000)
  from space 16896K, 72% used [0x00000000fb680000,0x00000000fc27ca80,0x00000000fc700000)
  to   space 17920K, 0% used [0x00000000fa500000,0x00000000fa500000,0x00000000fb680000)
 ParOldGen       total 46592K, used 37418K [0x00000000e2a00000, 0x00000000e5780000, 0x00000000f6380000)
  object space 46592K, 80% used [0x00000000e2a00000,0x00000000e4e8aac0,0x00000000e5780000)
 Metaspace       used 51913K, capacity 52928K, committed 53296K, reserved 1095680K
  class space    used 6373K, capacity 6656K, committed 6704K, reserved 1048576K
Event: 24.106 GC heap after
Heap after GC invocations=17 (full 2):
 PSYoungGen      total 84992K, used 17910K [0x00000000f6380000, 0x00000000fe080000, 0x0000000100000000)
  eden space 67072K, 0% used [0x00000000f6380000,0x00000000f6380000,0x00000000fa500000)
  from space 17920K, 99% used [0x00000000fa500000,0x00000000fb67d848,0x00000000fb680000)
  to   space 23552K, 0% used [0x00000000fc980000,0x00000000fc980000,0x00000000fe080000)
 ParOldGen       total 46592K, used 45160K [0x00000000e2a00000, 0x00000000e5780000, 0x00000000f6380000)
  object space 46592K, 96% used [0x00000000e2a00000,0x00000000e561a2e0,0x00000000e5780000)
 Metaspace       used 51913K, capacity 52928K, committed 53296K, reserved 1095680K
  class space    used 6373K, capacity 6656K, committed 6704K, reserved 1048576K
}
Event: 24.106 GC heap before
{Heap before GC invocations=18 (full 3):
 PSYoungGen      total 84992K, used 17910K [0x00000000f6380000, 0x00000000fe080000, 0x0000000100000000)
  eden space 67072K, 0% used [0x00000000f6380000,0x00000000f6380000,0x00000000fa500000)
  from space 17920K, 99% used [0x00000000fa500000,0x00000000fb67d848,0x00000000fb680000)
  to   space 23552K, 0% used [0x00000000fc980000,0x00000000fc980000,0x00000000fe080000)
 ParOldGen       total 46592K, used 45160K [0x00000000e2a00000, 0x00000000e5780000, 0x00000000f6380000)
  object space 46592K, 96% used [0x00000000e2a00000,0x00000000e561a2e0,0x00000000e5780000)
 Metaspace       used 51913K, capacity 52928K, committed 53296K, reserved 1095680K
  class space    used 6373K, capacity 6656K, committed 6704K, reserved 1048576K
Event: 24.516 GC heap after
Heap after GC invocations=18 (full 3):
 PSYoungGen      total 84992K, used 4058K [0x00000000f6380000, 0x00000000fe080000, 0x0000000100000000)
  eden space 67072K, 0% used [0x00000000f6380000,0x00000000f6380000,0x00000000fa500000)
  from space 17920K, 22% used [0x00000000fa500000,0x00000000fa8f6bd8,0x00000000fb680000)
  to   space 23552K, 0% used [0x00000000fc980000,0x00000000fc980000,0x00000000fe080000)
 ParOldGen       total 46592K, used 46253K [0x00000000e2a00000, 0x00000000e5780000, 0x00000000f6380000)
  object space 46592K, 99% used [0x00000000e2a00000,0x00000000e572b6e0,0x00000000e5780000)
 Metaspace       used 51913K, capacity 52928K, committed 53296K, reserved 1095680K
  class space    used 6373K, capacity 6656K, committed 6704K, reserved 1048576K
}

