# JRE version: OpenJDK Runtime Environment (8.0_202-b03) (build 1.8.0_202-release-1483-b03)
# Java VM: OpenJDK 64-Bit Server VM (25.202-b03 mixed mode windows-amd64 compressed oops)
Heap:
 PSYoungGen      total 77824K, used 26449K [0x00000000f6380000, 0x00000000fe100000, 0x0000000100000000)
  eden space 61440K, 16% used [0x00000000f6380000,0x00000000f6d59230,0x00000000f9f80000)
  from space 16384K, 99% used [0x00000000fb780000,0x00000000fc77b510,0x00000000fc780000)
  to   space 24576K, 0% used [0x00000000f9f80000,0x00000000f9f80000,0x00000000fb780000)
 ParOldGen       total 74752K, used 43202K [0x00000000e2a00000, 0x00000000e7300000, 0x00000000f6380000)
  object space 74752K, 57% used [0x00000000e2a00000,0x00000000e5430940,0x00000000e7300000)
 Metaspace       used 59823K, capacity 60970K, committed 61232K, reserved 1103872K
  class space    used 7077K, capacity 7385K, committed 7472K, reserved 1048576K
GC Heap History (10 events):
Event: 14.613 GC heap before
{Heap before GC invocations=15 (full 2):
 PSYoungGen      total 69120K, used 67215K [0x00000000f6380000, 0x00000000fb780000, 0x0000000100000000)
  eden space 57344K, 100% used [0x00000000f6380000,0x00000000f9b80000,0x00000000f9b80000)
  from space 11776K, 83% used [0x00000000fa800000,0x00000000fb1a3f10,0x00000000fb380000)
  to   space 12800K, 0% used [0x00000000f9b80000,0x00000000f9b80000,0x00000000fa800000)
 ParOldGen       total 47104K, used 22053K [0x00000000e2a00000, 0x00000000e5800000, 0x00000000f6380000)
  object space 47104K, 46% used [0x00000000e2a00000,0x00000000e3f89768,0x00000000e5800000)
 Metaspace       used 41275K, capacity 41896K, committed 42416K, reserved 1087488K
  class space    used 5052K, capacity 5202K, committed 5296K, reserved 1048576K
Event: 14.640 GC heap after
Heap after GC invocations=15 (full 2):
 PSYoungGen      total 70144K, used 12793K [0x00000000f6380000, 0x00000000fc780000, 0x0000000100000000)
  eden space 57344K, 0% used [0x00000000f6380000,0x00000000f6380000,0x00000000f9b80000)
  from space 12800K, 99% used [0x00000000f9b80000,0x00000000fa7fe408,0x00000000fa800000)
  to   space 16384K, 0% used [0x00000000fb780000,0x00000000fb780000,0x00000000fc780000)
 ParOldGen       total 47104K, used 26654K [0x00000000e2a00000, 0x00000000e5800000, 0x00000000f6380000)
  object space 47104K, 56% used [0x00000000e2a00000,0x00000000e4407be8,0x00000000e5800000)
 Metaspace       used 41275K, capacity 41896K, committed 42416K, reserved 1087488K
  class space    used 5052K, capacity 5202K, committed 5296K, reserved 1048576K
}
Event: 16.926 GC heap before
{Heap before GC invocations=16 (full 2):
 PSYoungGen      total 70144K, used 70137K [0x00000000f6380000, 0x00000000fc780000, 0x0000000100000000)
  eden space 57344K, 100% used [0x00000000f6380000,0x00000000f9b80000,0x00000000f9b80000)
  from space 12800K, 99% used [0x00000000f9b80000,0x00000000fa7fe408,0x00000000fa800000)
  to   space 16384K, 0% used [0x00000000fb780000,0x00000000fb780000,0x00000000fc780000)
 ParOldGen       total 47104K, used 26654K [0x00000000e2a00000, 0x00000000e5800000, 0x00000000f6380000)
  object space 47104K, 56% used [0x00000000e2a00000,0x00000000e4407be8,0x00000000e5800000)
 Metaspace       used 45094K, capacity 45786K, committed 46256K, reserved 1089536K
  class space    used 5515K, capacity 5721K, committed 5808K, reserved 1048576K
Event: 16.971 GC heap after
Heap after GC invocations=16 (full 2):
 PSYoungGen      total 84480K, used 12475K [0x00000000f6380000, 0x00000000fcb80000, 0x0000000100000000)
  eden space 68096K, 0% used [0x00000000f6380000,0x00000000f6380000,0x00000000fa600000)
  from space 16384K, 76% used [0x00000000fb780000,0x00000000fc3aee20,0x00000000fc780000)
  to   space 17920K, 0% used [0x00000000fa600000,0x00000000fa600000,0x00000000fb780000)
 ParOldGen       total 47104K, used 38881K [0x00000000e2a00000, 0x00000000e5800000, 0x00000000f6380000)
  object space 47104K, 82% used [0x00000000e2a00000,0x00000000e4ff85a0,0x00000000e5800000)
 Metaspace       used 45094K, capacity 45786K, committed 46256K, reserved 1089536K
  class space    used 5515K, capacity 5721K, committed 5808K, reserved 1048576K
}
Event: 16.972 GC heap before
{Heap before GC invocations=17 (full 3):
 PSYoungGen      total 84480K, used 12475K [0x00000000f6380000, 0x00000000fcb80000, 0x0000000100000000)
  eden space 68096K, 0% used [0x00000000f6380000,0x00000000f6380000,0x00000000fa600000)
  from space 16384K, 76% used [0x00000000fb780000,0x00000000fc3aee20,0x00000000fc780000)
  to   space 17920K, 0% used [0x00000000fa600000,0x00000000fa600000,0x00000000fb780000)
 ParOldGen       total 47104K, used 38881K [0x00000000e2a00000, 0x00000000e5800000, 0x00000000f6380000)
  object space 47104K, 82% used [0x00000000e2a00000,0x00000000e4ff85a0,0x00000000e5800000)
 Metaspace       used 45094K, capacity 45786K, committed 46256K, reserved 1089536K
  class space    used 5515K, capacity 5721K, committed 5808K, reserved 1048576K
Event: 17.286 GC heap after
Heap after GC invocations=17 (full 3):
 PSYoungGen      total 84480K, used 0K [0x00000000f6380000, 0x00000000fcb80000, 0x0000000100000000)
  eden space 68096K, 0% used [0x00000000f6380000,0x00000000f6380000,0x00000000fa600000)
  from space 16384K, 0% used [0x00000000fb780000,0x00000000fb780000,0x00000000fc780000)
  to   space 17920K, 0% used [0x00000000fa600000,0x00000000fa600000,0x00000000fb780000)
 ParOldGen       total 74752K, used 37394K [0x00000000e2a00000, 0x00000000e7300000, 0x00000000f6380000)
  object space 74752K, 50% used [0x00000000e2a00000,0x00000000e4e84920,0x00000000e7300000)
 Metaspace       used 45094K, capacity 45786K, committed 46256K, reserved 1089536K
  class space    used 5515K, capacity 5721K, committed 5808K, reserved 1048576K
}
Event: 21.970 GC heap before
{Heap before GC invocations=18 (full 3):
 PSYoungGen      total 84480K, used 68096K [0x00000000f6380000, 0x00000000fcb80000, 0x0000000100000000)
  eden space 68096K, 100% used [0x00000000f6380000,0x00000000fa600000,0x00000000fa600000)
  from space 16384K, 0% used [0x00000000fb780000,0x00000000fb780000,0x00000000fc780000)
  to   space 17920K, 0% used [0x00000000fa600000,0x00000000fa600000,0x00000000fb780000)
 ParOldGen       total 74752K, used 37394K [0x00000000e2a00000, 0x00000000e7300000, 0x00000000f6380000)
  object space 74752K, 50% used [0x00000000e2a00000,0x00000000e4e84920,0x00000000e7300000)
 Metaspace       used 52014K, capacity 53092K, committed 53296K, reserved 1095680K
  class space    used 6380K, capacity 6660K, committed 6704K, reserved 1048576K
Event: 21.996 GC heap after
Heap after GC invocations=18 (full 3):
 PSYoungGen      total 86016K, used 17361K [0x00000000f6380000, 0x00000000fcb80000, 0x0000000100000000)
  eden space 68096K, 0% used [0x00000000f6380000,0x00000000f6380000,0x00000000fa600000)
  from space 17920K, 96% used [0x00000000fa600000,0x00000000fb6f4420,0x00000000fb780000)
  to   space 16384K, 0% used [0x00000000fb780000,0x00000000fb780000,0x00000000fc780000)
 ParOldGen       total 74752K, used 37402K [0x00000000e2a00000, 0x00000000e7300000, 0x00000000f6380000)
  object space 74752K, 50% used [0x00000000e2a00000,0x00000000e4e86920,0x00000000e7300000)
 Metaspace       used 52014K, capacity 53092K, committed 53296K, reserved 1095680K
  class space    used 6380K, capacity 6660K, committed 6704K, reserved 1048576K
}
Event: 25.702 GC heap before
{Heap before GC invocations=19 (full 3):
 PSYoungGen      total 86016K, used 85457K [0x00000000f6380000, 0x00000000fcb80000, 0x0000000100000000)
  eden space 68096K, 100% used [0x00000000f6380000,0x00000000fa600000,0x00000000fa600000)
  from space 17920K, 96% used [0x00000000fa600000,0x00000000fb6f4420,0x00000000fb780000)
  to   space 16384K, 0% used [0x00000000fb780000,0x00000000fb780000,0x00000000fc780000)
 ParOldGen       total 74752K, used 37402K [0x00000000e2a00000, 0x00000000e7300000, 0x00000000f6380000)
  object space 74752K, 50% used [0x00000000e2a00000,0x00000000e4e86920,0x00000000e7300000)
 Metaspace       used 59653K, capacity 60810K, committed 61232K, reserved 1103872K
  class space    used 7070K, capacity 7353K, committed 7472K, reserved 1048576K
Event: 25.733 GC heap after
Heap after GC invocations=19 (full 3):
 PSYoungGen      total 77824K, used 16365K [0x00000000f6380000, 0x00000000fe100000, 0x0000000100000000)
  eden space 61440K, 0% used [0x00000000f6380000,0x00000000f6380000,0x00000000f9f80000)
  from space 16384K, 99% used [0x00000000fb780000,0x00000000fc77b510,0x00000000fc780000)
  to   space 24576K, 0% used [0x00000000f9f80000,0x00000000f9f80000,0x00000000fb780000)
 ParOldGen       total 74752K, used 43202K [0x00000000e2a00000, 0x00000000e7300000, 0x00000000f6380000)
  object space 74752K, 57% used [0x00000000e2a00000,0x00000000e5430940,0x00000000e7300000)
 Metaspace       used 59653K, capacity 60810K, committed 61232K, reserved 1103872K
  class space    used 7070K, capacity 7353K, committed 7472K, reserved 1048576K
}

