# JRE version: OpenJDK Runtime Environment (8.0_202-b03) (build 1.8.0_202-release-1483-b03)
# Java VM: OpenJDK 64-Bit Server VM (25.202-b03 mixed mode windows-amd64 compressed oops)
Heap:
 PSYoungGen      total 56320K, used 25066K [0x00000000f6380000, 0x00000000fb300000, 0x0000000100000000)
  eden space 41984K, 59% used [0x00000000f6380000,0x00000000f7bfaa78,0x00000000f8c80000)
  from space 14336K, 0% used [0x00000000f8c80000,0x00000000f8c80000,0x00000000f9a80000)
  to   space 16384K, 0% used [0x00000000fa300000,0x00000000fa300000,0x00000000fb300000)
 ParOldGen       total 44032K, used 43906K [0x00000000e2a00000, 0x00000000e5500000, 0x00000000f6380000)
  object space 44032K, 99% used [0x00000000e2a00000,0x00000000e54e0bf0,0x00000000e5500000)
 Metaspace       used 59672K, capacity 60798K, committed 60976K, reserved 1103872K
  class space    used 7071K, capacity 7351K, committed 7472K, reserved 1048576K
GC Heap History (10 events):
Event: 27.186 GC heap before
{Heap before GC invocations=22 (full 2):
 PSYoungGen      total 49664K, used 47066K [0x00000000f6380000, 0x00000000fa580000, 0x0000000100000000)
  eden space 38912K, 100% used [0x00000000f6380000,0x00000000f8980000,0x00000000f8980000)
  from space 10752K, 75% used [0x00000000f8980000,0x00000000f9176978,0x00000000f9400000)
  to   space 11264K, 0% used [0x00000000f9a80000,0x00000000f9a80000,0x00000000fa580000)
 ParOldGen       total 40448K, used 27518K [0x00000000e2a00000, 0x00000000e5180000, 0x00000000f6380000)
  object space 40448K, 68% used [0x00000000e2a00000,0x00000000e44df9c0,0x00000000e5180000)
 Metaspace       used 46306K, capacity 47072K, committed 47536K, reserved 1091584K
  class space    used 5758K, capacity 5998K, committed 6064K, reserved 1048576K
Event: 27.212 GC heap after
Heap after GC invocations=22 (full 2):
 PSYoungGen      total 53248K, used 11243K [0x00000000f6380000, 0x00000000fac00000, 0x0000000100000000)
  eden space 41984K, 0% used [0x00000000f6380000,0x00000000f6380000,0x00000000f8c80000)
  from space 11264K, 99% used [0x00000000f9a80000,0x00000000fa57afb0,0x00000000fa580000)
  to   space 14336K, 0% used [0x00000000f8c80000,0x00000000f8c80000,0x00000000f9a80000)
 ParOldGen       total 40448K, used 31363K [0x00000000e2a00000, 0x00000000e5180000, 0x00000000f6380000)
  object space 40448K, 77% used [0x00000000e2a00000,0x00000000e48a0ef8,0x00000000e5180000)
 Metaspace       used 46306K, capacity 47072K, committed 47536K, reserved 1091584K
  class space    used 5758K, capacity 5998K, committed 6064K, reserved 1048576K
}
Event: 30.711 GC heap before
{Heap before GC invocations=23 (full 2):
 PSYoungGen      total 53248K, used 53227K [0x00000000f6380000, 0x00000000fac00000, 0x0000000100000000)
  eden space 41984K, 100% used [0x00000000f6380000,0x00000000f8c80000,0x00000000f8c80000)
  from space 11264K, 99% used [0x00000000f9a80000,0x00000000fa57afb0,0x00000000fa580000)
  to   space 14336K, 0% used [0x00000000f8c80000,0x00000000f8c80000,0x00000000f9a80000)
 ParOldGen       total 40448K, used 31363K [0x00000000e2a00000, 0x00000000e5180000, 0x00000000f6380000)
  object space 40448K, 77% used [0x00000000e2a00000,0x00000000e48a0ef8,0x00000000e5180000)
 Metaspace       used 50851K, capacity 51802K, committed 52016K, reserved 1095680K
  class space    used 6306K, capacity 6583K, committed 6704K, reserved 1048576K
Event: 30.757 GC heap after
Heap after GC invocations=23 (full 2):
 PSYoungGen      total 56320K, used 13497K [0x00000000f6380000, 0x00000000fb300000, 0x0000000100000000)
  eden space 41984K, 0% used [0x00000000f6380000,0x00000000f6380000,0x00000000f8c80000)
  from space 14336K, 94% used [0x00000000f8c80000,0x00000000f99ae558,0x00000000f9a80000)
  to   space 16384K, 0% used [0x00000000fa300000,0x00000000fa300000,0x00000000fb300000)
 ParOldGen       total 44032K, used 42573K [0x00000000e2a00000, 0x00000000e5500000, 0x00000000f6380000)
  object space 44032K, 96% used [0x00000000e2a00000,0x00000000e5393620,0x00000000e5500000)
 Metaspace       used 50851K, capacity 51802K, committed 52016K, reserved 1095680K
  class space    used 6306K, capacity 6583K, committed 6704K, reserved 1048576K
}
Event: 30.757 GC heap before
{Heap before GC invocations=24 (full 3):
 PSYoungGen      total 56320K, used 13497K [0x00000000f6380000, 0x00000000fb300000, 0x0000000100000000)
  eden space 41984K, 0% used [0x00000000f6380000,0x00000000f6380000,0x00000000f8c80000)
  from space 14336K, 94% used [0x00000000f8c80000,0x00000000f99ae558,0x00000000f9a80000)
  to   space 16384K, 0% used [0x00000000fa300000,0x00000000fa300000,0x00000000fb300000)
 ParOldGen       total 44032K, used 42573K [0x00000000e2a00000, 0x00000000e5500000, 0x00000000f6380000)
  object space 44032K, 96% used [0x00000000e2a00000,0x00000000e5393620,0x00000000e5500000)
 Metaspace       used 50851K, capacity 51802K, committed 52016K, reserved 1095680K
  class space    used 6306K, capacity 6583K, committed 6704K, reserved 1048576K
Event: 31.217 GC heap after
Heap after GC invocations=24 (full 3):
 PSYoungGen      total 56320K, used 3055K [0x00000000f6380000, 0x00000000fb300000, 0x0000000100000000)
  eden space 41984K, 0% used [0x00000000f6380000,0x00000000f6380000,0x00000000f8c80000)
  from space 14336K, 21% used [0x00000000f8c80000,0x00000000f8f7bf08,0x00000000f9a80000)
  to   space 16384K, 0% used [0x00000000fa300000,0x00000000fa300000,0x00000000fb300000)
 ParOldGen       total 44032K, used 43632K [0x00000000e2a00000, 0x00000000e5500000, 0x00000000f6380000)
  object space 44032K, 99% used [0x00000000e2a00000,0x00000000e549c038,0x00000000e5500000)
 Metaspace       used 50851K, capacity 51802K, committed 52016K, reserved 1095680K
  class space    used 6306K, capacity 6583K, committed 6704K, reserved 1048576K
}
Event: 33.929 GC heap before
{Heap before GC invocations=25 (full 4):
 PSYoungGen      total 56320K, used 45039K [0x00000000f6380000, 0x00000000fb300000, 0x0000000100000000)
  eden space 41984K, 100% used [0x00000000f6380000,0x00000000f8c80000,0x00000000f8c80000)
  from space 14336K, 21% used [0x00000000f8c80000,0x00000000f8f7bf08,0x00000000f9a80000)
  to   space 16384K, 0% used [0x00000000fa300000,0x00000000fa300000,0x00000000fb300000)
 ParOldGen       total 44032K, used 43632K [0x00000000e2a00000, 0x00000000e5500000, 0x00000000f6380000)
  object space 44032K, 99% used [0x00000000e2a00000,0x00000000e549c038,0x00000000e5500000)
 Metaspace       used 52896K, capacity 53954K, committed 54192K, reserved 1097728K
  class space    used 6432K, capacity 6729K, committed 6832K, reserved 1048576K
Event: 34.608 GC heap after
Heap after GC invocations=25 (full 4):
 PSYoungGen      total 56320K, used 4449K [0x00000000f6380000, 0x00000000fb300000, 0x0000000100000000)
  eden space 41984K, 10% used [0x00000000f6380000,0x00000000f67d85c0,0x00000000f8c80000)
  from space 14336K, 0% used [0x00000000f8c80000,0x00000000f8c80000,0x00000000f9a80000)
  to   space 16384K, 0% used [0x00000000fa300000,0x00000000fa300000,0x00000000fb300000)
 ParOldGen       total 44032K, used 43918K [0x00000000e2a00000, 0x00000000e5500000, 0x00000000f6380000)
  object space 44032K, 99% used [0x00000000e2a00000,0x00000000e54e3880,0x00000000e5500000)
 Metaspace       used 52896K, capacity 53954K, committed 54192K, reserved 1097728K
  class space    used 6432K, capacity 6729K, committed 6832K, reserved 1048576K
}
Event: 39.163 GC heap before
{Heap before GC invocations=26 (full 5):
 PSYoungGen      total 56320K, used 41984K [0x00000000f6380000, 0x00000000fb300000, 0x0000000100000000)
  eden space 41984K, 100% used [0x00000000f6380000,0x00000000f8c80000,0x00000000f8c80000)
  from space 14336K, 0% used [0x00000000f8c80000,0x00000000f8c80000,0x00000000f9a80000)
  to   space 16384K, 0% used [0x00000000fa300000,0x00000000fa300000,0x00000000fb300000)
 ParOldGen       total 44032K, used 43918K [0x00000000e2a00000, 0x00000000e5500000, 0x00000000f6380000)
  object space 44032K, 99% used [0x00000000e2a00000,0x00000000e54e3880,0x00000000e5500000)
 Metaspace       used 58843K, capacity 60000K, committed 60080K, reserved 1101824K
  class space    used 7004K, capacity 7300K, committed 7344K, reserved 1048576K
Event: 39.858 GC heap after
Heap after GC invocations=26 (full 5):
 PSYoungGen      total 56320K, used 9654K [0x00000000f6380000, 0x00000000fb300000, 0x0000000100000000)
  eden space 41984K, 22% used [0x00000000f6380000,0x00000000f6cedbf0,0x00000000f8c80000)
  from space 14336K, 0% used [0x00000000f8c80000,0x00000000f8c80000,0x00000000f9a80000)
  to   space 16384K, 0% used [0x00000000fa300000,0x00000000fa300000,0x00000000fb300000)
 ParOldGen       total 44032K, used 43906K [0x00000000e2a00000, 0x00000000e5500000, 0x00000000f6380000)
  object space 44032K, 99% used [0x00000000e2a00000,0x00000000e54e0bf0,0x00000000e5500000)
 Metaspace       used 58843K, capacity 60000K, committed 60080K, reserved 1101824K
  class space    used 7004K, capacity 7300K, committed 7344K, reserved 1048576K
}

