# JRE version: OpenJDK Runtime Environment (8.0_202-b03) (build 1.8.0_202-release-1483-b03)
# Java VM: OpenJDK 64-Bit Server VM (25.202-b03 mixed mode windows-amd64 compressed oops)
Heap:
 PSYoungGen      total 353280K, used 43483K [0x00000000e0000000, 0x00000000f8680000, 0x0000000100000000)
  eden space 322048K, 8% used [0x00000000e0000000,0x00000000e1ac2128,0x00000000f3a80000)
  from space 31232K, 51% used [0x00000000f6800000,0x00000000f77b4c20,0x00000000f8680000)
  to   space 38912K, 0% used [0x00000000f3a80000,0x00000000f3a80000,0x00000000f6080000)
 ParOldGen       total 114176K, used 83063K [0x00000000a0000000, 0x00000000a6f80000, 0x00000000e0000000)
  object space 114176K, 72% used [0x00000000a0000000,0x00000000a511df88,0x00000000a6f80000)
 Metaspace       used 110758K, capacity 117458K, committed 117720K, reserved 1150976K
  class space    used 14041K, capacity 15313K, committed 15360K, reserved 1048576K
GC Heap History (10 events):
Event: 15057.955 GC heap before
{Heap before GC invocations=30 (full 4):
 PSYoungGen      total 295936K, used 280315K [0x00000000e0000000, 0x00000000f6c00000, 0x0000000100000000)
  eden space 253952K, 100% used [0x00000000e0000000,0x00000000ef800000,0x00000000ef800000)
  from space 41984K, 62% used [0x00000000ef800000,0x00000000f11bee10,0x00000000f2100000)
  to   space 43008K, 0% used [0x00000000f4200000,0x00000000f4200000,0x00000000f6c00000)
 ParOldGen       total 114176K, used 75523K [0x00000000a0000000, 0x00000000a6f80000, 0x00000000e0000000)
  object space 114176K, 66% used [0x00000000a0000000,0x00000000a49c0f78,0x00000000a6f80000)
 Metaspace       used 103597K, capacity 108370K, committed 108632K, reserved 1144832K
  class space    used 13209K, capacity 14129K, committed 14208K, reserved 1048576K
Event: 15061.286 GC heap after
Heap after GC invocations=30 (full 4):
 PSYoungGen      total 316416K, used 13886K [0x00000000e0000000, 0x00000000f6380000, 0x0000000100000000)
  eden space 282112K, 0% used [0x00000000e0000000,0x00000000e0000000,0x00000000f1380000)
  from space 34304K, 40% used [0x00000000f4200000,0x00000000f4f8fa50,0x00000000f6380000)
  to   space 40960K, 0% used [0x00000000f1380000,0x00000000f1380000,0x00000000f3b80000)
 ParOldGen       total 114176K, used 75531K [0x00000000a0000000, 0x00000000a6f80000, 0x00000000e0000000)
  object space 114176K, 66% used [0x00000000a0000000,0x00000000a49c2f78,0x00000000a6f80000)
 Metaspace       used 103597K, capacity 108370K, committed 108632K, reserved 1144832K
  class space    used 13209K, capacity 14129K, committed 14208K, reserved 1048576K
}
Event: 15095.027 GC heap before
{Heap before GC invocations=31 (full 4):
 PSYoungGen      total 316416K, used 295998K [0x00000000e0000000, 0x00000000f6380000, 0x0000000100000000)
  eden space 282112K, 100% used [0x00000000e0000000,0x00000000f1380000,0x00000000f1380000)
  from space 34304K, 40% used [0x00000000f4200000,0x00000000f4f8fa50,0x00000000f6380000)
  to   space 40960K, 0% used [0x00000000f1380000,0x00000000f1380000,0x00000000f3b80000)
 ParOldGen       total 114176K, used 75531K [0x00000000a0000000, 0x00000000a6f80000, 0x00000000e0000000)
  object space 114176K, 66% used [0x00000000a0000000,0x00000000a49c2f78,0x00000000a6f80000)
 Metaspace       used 105179K, capacity 110390K, committed 110680K, reserved 1144832K
  class space    used 13389K, capacity 14369K, committed 14464K, reserved 1048576K
Event: 15096.561 GC heap after
Heap after GC invocations=31 (full 4):
 PSYoungGen      total 323072K, used 22891K [0x00000000e0000000, 0x00000000f9000000, 0x0000000100000000)
  eden space 282112K, 0% used [0x00000000e0000000,0x00000000e0000000,0x00000000f1380000)
  from space 40960K, 55% used [0x00000000f1380000,0x00000000f29dad18,0x00000000f3b80000)
  to   space 40960K, 0% used [0x00000000f6800000,0x00000000f6800000,0x00000000f9000000)
 ParOldGen       total 114176K, used 75539K [0x00000000a0000000, 0x00000000a6f80000, 0x00000000e0000000)
  object space 114176K, 66% used [0x00000000a0000000,0x00000000a49c4f78,0x00000000a6f80000)
 Metaspace       used 105179K, capacity 110390K, committed 110680K, reserved 1144832K
  class space    used 13389K, capacity 14369K, committed 14464K, reserved 1048576K
}
Event: 16326.752 GC heap before
{Heap before GC invocations=32 (full 4):
 PSYoungGen      total 323072K, used 305003K [0x00000000e0000000, 0x00000000f9000000, 0x0000000100000000)
  eden space 282112K, 100% used [0x00000000e0000000,0x00000000f1380000,0x00000000f1380000)
  from space 40960K, 55% used [0x00000000f1380000,0x00000000f29dad18,0x00000000f3b80000)
  to   space 40960K, 0% used [0x00000000f6800000,0x00000000f6800000,0x00000000f9000000)
 ParOldGen       total 114176K, used 75539K [0x00000000a0000000, 0x00000000a6f80000, 0x00000000e0000000)
  object space 114176K, 66% used [0x00000000a0000000,0x00000000a49c4f78,0x00000000a6f80000)
 Metaspace       used 107564K, capacity 113696K, committed 113880K, reserved 1148928K
  class space    used 13690K, capacity 14834K, committed 14848K, reserved 1048576K
Event: 16329.179 GC heap after
Heap after GC invocations=32 (full 4):
 PSYoungGen      total 353280K, used 14577K [0x00000000e0000000, 0x00000000f8680000, 0x0000000100000000)
  eden space 322048K, 0% used [0x00000000e0000000,0x00000000e0000000,0x00000000f3a80000)
  from space 31232K, 46% used [0x00000000f6800000,0x00000000f763c488,0x00000000f8680000)
  to   space 38912K, 0% used [0x00000000f3a80000,0x00000000f3a80000,0x00000000f6080000)
 ParOldGen       total 114176K, used 83047K [0x00000000a0000000, 0x00000000a6f80000, 0x00000000e0000000)
  object space 114176K, 72% used [0x00000000a0000000,0x00000000a5119f88,0x00000000a6f80000)
 Metaspace       used 107564K, capacity 113696K, committed 113880K, reserved 1148928K
  class space    used 13690K, capacity 14834K, committed 14848K, reserved 1048576K
}
Event: 20059.297 GC heap before
{Heap before GC invocations=33 (full 4):
 PSYoungGen      total 353280K, used 336625K [0x00000000e0000000, 0x00000000f8680000, 0x0000000100000000)
  eden space 322048K, 100% used [0x00000000e0000000,0x00000000f3a80000,0x00000000f3a80000)
  from space 31232K, 46% used [0x00000000f6800000,0x00000000f763c488,0x00000000f8680000)
  to   space 38912K, 0% used [0x00000000f3a80000,0x00000000f3a80000,0x00000000f6080000)
 ParOldGen       total 114176K, used 83047K [0x00000000a0000000, 0x00000000a6f80000, 0x00000000e0000000)
  object space 114176K, 72% used [0x00000000a0000000,0x00000000a5119f88,0x00000000a6f80000)
 Metaspace       used 108150K, capacity 114558K, committed 114776K, reserved 1148928K
  class space    used 13763K, capacity 14955K, committed 14976K, reserved 1048576K
Event: 20062.938 GC heap after
Heap after GC invocations=33 (full 4):
 PSYoungGen      total 360960K, used 11126K [0x00000000e0000000, 0x00000000f8680000, 0x0000000100000000)
  eden space 322048K, 0% used [0x00000000e0000000,0x00000000e0000000,0x00000000f3a80000)
  from space 38912K, 28% used [0x00000000f3a80000,0x00000000f455db70,0x00000000f6080000)
  to   space 31232K, 0% used [0x00000000f6800000,0x00000000f6800000,0x00000000f8680000)
 ParOldGen       total 114176K, used 83055K [0x00000000a0000000, 0x00000000a6f80000, 0x00000000e0000000)
  object space 114176K, 72% used [0x00000000a0000000,0x00000000a511bf88,0x00000000a6f80000)
 Metaspace       used 108150K, capacity 114558K, committed 114776K, reserved 1148928K
  class space    used 13763K, capacity 14955K, committed 14976K, reserved 1048576K
}
Event: 20111.845 GC heap before
{Heap before GC invocations=34 (full 4):
 PSYoungGen      total 360960K, used 333174K [0x00000000e0000000, 0x00000000f8680000, 0x0000000100000000)
  eden space 322048K, 100% used [0x00000000e0000000,0x00000000f3a80000,0x00000000f3a80000)
  from space 38912K, 28% used [0x00000000f3a80000,0x00000000f455db70,0x00000000f6080000)
  to   space 31232K, 0% used [0x00000000f6800000,0x00000000f6800000,0x00000000f8680000)
 ParOldGen       total 114176K, used 83055K [0x00000000a0000000, 0x00000000a6f80000, 0x00000000e0000000)
  object space 114176K, 72% used [0x00000000a0000000,0x00000000a511bf88,0x00000000a6f80000)
 Metaspace       used 110114K, capacity 116840K, committed 117208K, reserved 1150976K
  class space    used 13966K, capacity 15238K, committed 15360K, reserved 1048576K
Event: 20114.389 GC heap after
Heap after GC invocations=34 (full 4):
 PSYoungGen      total 353280K, used 16083K [0x00000000e0000000, 0x00000000f8680000, 0x0000000100000000)
  eden space 322048K, 0% used [0x00000000e0000000,0x00000000e0000000,0x00000000f3a80000)
  from space 31232K, 51% used [0x00000000f6800000,0x00000000f77b4c20,0x00000000f8680000)
  to   space 38912K, 0% used [0x00000000f3a80000,0x00000000f3a80000,0x00000000f6080000)
 ParOldGen       total 114176K, used 83063K [0x00000000a0000000, 0x00000000a6f80000, 0x00000000e0000000)
  object space 114176K, 72% used [0x00000000a0000000,0x00000000a511df88,0x00000000a6f80000)
 Metaspace       used 110114K, capacity 116840K, committed 117208K, reserved 1150976K
  class space    used 13966K, capacity 15238K, committed 15360K, reserved 1048576K
}

