# JRE version: OpenJDK Runtime Environment (8.0_202-b03) (build 1.8.0_202-release-1483-b03)
# Java VM: OpenJDK 64-Bit Server VM (25.202-b03 mixed mode windows-amd64 compressed oops)
Heap:
 PSYoungGen      total 202240K, used 184930K [0x00000000e0000000, 0x00000000ede80000, 0x0000000100000000)
  eden space 179712K, 96% used [0x00000000e0000000,0x00000000ea9931a8,0x00000000eaf80000)
  from space 22528K, 50% used [0x00000000ec880000,0x00000000ed3859b0,0x00000000ede80000)
  to   space 24064K, 0% used [0x00000000eaf80000,0x00000000eaf80000,0x00000000ec700000)
 ParOldGen       total 105472K, used 52168K [0x00000000a0000000, 0x00000000a6700000, 0x00000000e0000000)
  object space 105472K, 49% used [0x00000000a0000000,0x00000000a32f2258,0x00000000a6700000)
 Metaspace       used 84812K, capacity 88030K, committed 88152K, reserved 1126400K
  class space    used 11225K, capacity 11891K, committed 11904K, reserved 1048576K
GC Heap History (10 events):
Event: 103.665 GC heap before
{Heap before GC invocations=26 (full 4):
 PSYoungGen      total 185344K, used 2211K [0x00000000e0000000, 0x00000000ecf00000, 0x0000000100000000)
  eden space 159232K, 0% used [0x00000000e0000000,0x00000000e0000000,0x00000000e9b80000)
  from space 26112K, 8% used [0x00000000eb480000,0x00000000eb6a8fe8,0x00000000ece00000)
  to   space 25600K, 0% used [0x00000000e9b80000,0x00000000e9b80000,0x00000000eb480000)
 ParOldGen       total 77312K, used 77114K [0x00000000a0000000, 0x00000000a4b80000, 0x00000000e0000000)
  object space 77312K, 99% used [0x00000000a0000000,0x00000000a4b4e860,0x00000000a4b80000)
 Metaspace       used 69902K, capacity 72350K, committed 72664K, reserved 1112064K
  class space    used 9348K, capacity 9903K, committed 9984K, reserved 1048576K
Event: 108.481 GC heap after
Heap after GC invocations=26 (full 4):
 PSYoungGen      total 185344K, used 0K [0x00000000e0000000, 0x00000000ecf00000, 0x0000000100000000)
  eden space 159232K, 0% used [0x00000000e0000000,0x00000000e0000000,0x00000000e9b80000)
  from space 26112K, 0% used [0x00000000eb480000,0x00000000eb480000,0x00000000ece00000)
  to   space 25600K, 0% used [0x00000000e9b80000,0x00000000e9b80000,0x00000000eb480000)
 ParOldGen       total 105472K, used 52136K [0x00000000a0000000, 0x00000000a6700000, 0x00000000e0000000)
  object space 105472K, 49% used [0x00000000a0000000,0x00000000a32ea258,0x00000000a6700000)
 Metaspace       used 69819K, capacity 72106K, committed 72664K, reserved 1112064K
  class space    used 9322K, capacity 9857K, committed 9984K, reserved 1048576K
}
Event: 112.923 GC heap before
{Heap before GC invocations=27 (full 4):
 PSYoungGen      total 185344K, used 159232K [0x00000000e0000000, 0x00000000ecf00000, 0x0000000100000000)
  eden space 159232K, 100% used [0x00000000e0000000,0x00000000e9b80000,0x00000000e9b80000)
  from space 26112K, 0% used [0x00000000eb480000,0x00000000eb480000,0x00000000ece00000)
  to   space 25600K, 0% used [0x00000000e9b80000,0x00000000e9b80000,0x00000000eb480000)
 ParOldGen       total 105472K, used 52136K [0x00000000a0000000, 0x00000000a6700000, 0x00000000e0000000)
  object space 105472K, 49% used [0x00000000a0000000,0x00000000a32ea258,0x00000000a6700000)
 Metaspace       used 70092K, capacity 72314K, committed 72664K, reserved 1112064K
  class space    used 9342K, capacity 9859K, committed 9984K, reserved 1048576K
Event: 112.931 GC heap after
Heap after GC invocations=27 (full 4):
 PSYoungGen      total 184832K, used 512K [0x00000000e0000000, 0x00000000edb00000, 0x0000000100000000)
  eden space 159232K, 0% used [0x00000000e0000000,0x00000000e0000000,0x00000000e9b80000)
  from space 25600K, 2% used [0x00000000e9b80000,0x00000000e9c00000,0x00000000eb480000)
  to   space 25600K, 0% used [0x00000000ec200000,0x00000000ec200000,0x00000000edb00000)
 ParOldGen       total 105472K, used 52144K [0x00000000a0000000, 0x00000000a6700000, 0x00000000e0000000)
  object space 105472K, 49% used [0x00000000a0000000,0x00000000a32ec258,0x00000000a6700000)
 Metaspace       used 70092K, capacity 72314K, committed 72664K, reserved 1112064K
  class space    used 9342K, capacity 9859K, committed 9984K, reserved 1048576K
}
Event: 116.684 GC heap before
{Heap before GC invocations=28 (full 4):
 PSYoungGen      total 184832K, used 159744K [0x00000000e0000000, 0x00000000edb00000, 0x0000000100000000)
  eden space 159232K, 100% used [0x00000000e0000000,0x00000000e9b80000,0x00000000e9b80000)
  from space 25600K, 2% used [0x00000000e9b80000,0x00000000e9c00000,0x00000000eb480000)
  to   space 25600K, 0% used [0x00000000ec200000,0x00000000ec200000,0x00000000edb00000)
 ParOldGen       total 105472K, used 52144K [0x00000000a0000000, 0x00000000a6700000, 0x00000000e0000000)
  object space 105472K, 49% used [0x00000000a0000000,0x00000000a32ec258,0x00000000a6700000)
 Metaspace       used 70093K, capacity 72314K, committed 72664K, reserved 1112064K
  class space    used 9342K, capacity 9859K, committed 9984K, reserved 1048576K
Event: 116.692 GC heap after
Heap after GC invocations=28 (full 4):
 PSYoungGen      total 192512K, used 1176K [0x00000000e0000000, 0x00000000ed780000, 0x0000000100000000)
  eden space 170496K, 0% used [0x00000000e0000000,0x00000000e0000000,0x00000000ea680000)
  from space 22016K, 5% used [0x00000000ec200000,0x00000000ec3261a8,0x00000000ed780000)
  to   space 25088K, 0% used [0x00000000ea680000,0x00000000ea680000,0x00000000ebf00000)
 ParOldGen       total 105472K, used 52152K [0x00000000a0000000, 0x00000000a6700000, 0x00000000e0000000)
  object space 105472K, 49% used [0x00000000a0000000,0x00000000a32ee258,0x00000000a6700000)
 Metaspace       used 70093K, capacity 72314K, committed 72664K, reserved 1112064K
  class space    used 9342K, capacity 9859K, committed 9984K, reserved 1048576K
}
Event: 129.641 GC heap before
{Heap before GC invocations=29 (full 4):
 PSYoungGen      total 192512K, used 171672K [0x00000000e0000000, 0x00000000ed780000, 0x0000000100000000)
  eden space 170496K, 100% used [0x00000000e0000000,0x00000000ea680000,0x00000000ea680000)
  from space 22016K, 5% used [0x00000000ec200000,0x00000000ec3261a8,0x00000000ed780000)
  to   space 25088K, 0% used [0x00000000ea680000,0x00000000ea680000,0x00000000ebf00000)
 ParOldGen       total 105472K, used 52152K [0x00000000a0000000, 0x00000000a6700000, 0x00000000e0000000)
  object space 105472K, 49% used [0x00000000a0000000,0x00000000a32ee258,0x00000000a6700000)
 Metaspace       used 75931K, capacity 78280K, committed 78680K, reserved 1118208K
  class space    used 9973K, capacity 10504K, committed 10624K, reserved 1048576K
Event: 129.783 GC heap after
Heap after GC invocations=29 (full 4):
 PSYoungGen      total 195584K, used 10842K [0x00000000e0000000, 0x00000000ee080000, 0x0000000100000000)
  eden space 170496K, 0% used [0x00000000e0000000,0x00000000e0000000,0x00000000ea680000)
  from space 25088K, 43% used [0x00000000ea680000,0x00000000eb116a98,0x00000000ebf00000)
  to   space 24576K, 0% used [0x00000000ec880000,0x00000000ec880000,0x00000000ee080000)
 ParOldGen       total 105472K, used 52160K [0x00000000a0000000, 0x00000000a6700000, 0x00000000e0000000)
  object space 105472K, 49% used [0x00000000a0000000,0x00000000a32f0258,0x00000000a6700000)
 Metaspace       used 75931K, capacity 78280K, committed 78680K, reserved 1118208K
  class space    used 9973K, capacity 10504K, committed 10624K, reserved 1048576K
}
Event: 142.630 GC heap before
{Heap before GC invocations=30 (full 4):
 PSYoungGen      total 195584K, used 181338K [0x00000000e0000000, 0x00000000ee080000, 0x0000000100000000)
  eden space 170496K, 100% used [0x00000000e0000000,0x00000000ea680000,0x00000000ea680000)
  from space 25088K, 43% used [0x00000000ea680000,0x00000000eb116a98,0x00000000ebf00000)
  to   space 24576K, 0% used [0x00000000ec880000,0x00000000ec880000,0x00000000ee080000)
 ParOldGen       total 105472K, used 52160K [0x00000000a0000000, 0x00000000a6700000, 0x00000000e0000000)
  object space 105472K, 49% used [0x00000000a0000000,0x00000000a32f0258,0x00000000a6700000)
 Metaspace       used 76692K, capacity 79070K, committed 79320K, reserved 1118208K
  class space    used 10089K, capacity 10647K, committed 10752K, reserved 1048576K
Event: 142.686 GC heap after
Heap after GC invocations=30 (full 4):
 PSYoungGen      total 202240K, used 11286K [0x00000000e0000000, 0x00000000ede80000, 0x0000000100000000)
  eden space 179712K, 0% used [0x00000000e0000000,0x00000000e0000000,0x00000000eaf80000)
  from space 22528K, 50% used [0x00000000ec880000,0x00000000ed3859b0,0x00000000ede80000)
  to   space 24064K, 0% used [0x00000000eaf80000,0x00000000eaf80000,0x00000000ec700000)
 ParOldGen       total 105472K, used 52168K [0x00000000a0000000, 0x00000000a6700000, 0x00000000e0000000)
  object space 105472K, 49% used [0x00000000a0000000,0x00000000a32f2258,0x00000000a6700000)
 Metaspace       used 76692K, capacity 79070K, committed 79320K, reserved 1118208K
  class space    used 10089K, capacity 10647K, committed 10752K, reserved 1048576K
}

