# JRE version: OpenJDK Runtime Environment (8.0_202-b03) (build 1.8.0_202-release-1483-b03)
# Java VM: OpenJDK 64-Bit Server VM (25.202-b03 mixed mode windows-amd64 compressed oops)
Heap:
 PSYoungGen      total 200704K, used 43528K [0x00000000e0000000, 0x00000000edd80000, 0x0000000100000000)
  eden space 174592K, 21% used [0x00000000e0000000,0x00000000e250af90,0x00000000eaa80000)
  from space 26112K, 21% used [0x00000000eaa80000,0x00000000eaff71f0,0x00000000ec400000)
  to   space 23552K, 0% used [0x00000000ec680000,0x00000000ec680000,0x00000000edd80000)
 ParOldGen       total 226816K, used 141687K [0x00000000a0000000, 0x00000000add80000, 0x00000000e0000000)
  object space 226816K, 62% used [0x00000000a0000000,0x00000000a8a5dcb0,0x00000000add80000)
 Metaspace       used 85272K, capacity 88506K, committed 88664K, reserved 1126400K
  class space    used 11232K, capacity 11893K, committed 11904K, reserved 1048576K
GC Heap History (10 events):
Event: 136.766 GC heap before
{Heap before GC invocations=34 (full 4):
 PSYoungGen      total 159744K, used 143569K [0x00000000e0000000, 0x00000000ec980000, 0x0000000100000000)
  eden space 130048K, 100% used [0x00000000e0000000,0x00000000e7f00000,0x00000000e7f00000)
  from space 29696K, 45% used [0x00000000e7f00000,0x00000000e8c34798,0x00000000e9c00000)
  to   space 28160K, 0% used [0x00000000eae00000,0x00000000eae00000,0x00000000ec980000)
 ParOldGen       total 126976K, used 71921K [0x00000000a0000000, 0x00000000a7c00000, 0x00000000e0000000)
  object space 126976K, 56% used [0x00000000a0000000,0x00000000a463c440,0x00000000a7c00000)
 Metaspace       used 84092K, capacity 87222K, committed 87384K, reserved 1124352K
  class space    used 11148K, capacity 11799K, committed 11904K, reserved 1048576K
Event: 136.838 GC heap after
Heap after GC invocations=34 (full 4):
 PSYoungGen      total 179712K, used 11729K [0x00000000e0000000, 0x00000000eca80000, 0x0000000100000000)
  eden space 151552K, 0% used [0x00000000e0000000,0x00000000e0000000,0x00000000e9400000)
  from space 28160K, 41% used [0x00000000eae00000,0x00000000eb974610,0x00000000ec980000)
  to   space 26624K, 0% used [0x00000000e9400000,0x00000000e9400000,0x00000000eae00000)
 ParOldGen       total 126976K, used 77916K [0x00000000a0000000, 0x00000000a7c00000, 0x00000000e0000000)
  object space 126976K, 61% used [0x00000000a0000000,0x00000000a4c171c8,0x00000000a7c00000)
 Metaspace       used 84092K, capacity 87222K, committed 87384K, reserved 1124352K
  class space    used 11148K, capacity 11799K, committed 11904K, reserved 1048576K
}
Event: 138.612 GC heap before
{Heap before GC invocations=35 (full 4):
 PSYoungGen      total 179712K, used 163281K [0x00000000e0000000, 0x00000000eca80000, 0x0000000100000000)
  eden space 151552K, 100% used [0x00000000e0000000,0x00000000e9400000,0x00000000e9400000)
  from space 28160K, 41% used [0x00000000eae00000,0x00000000eb974610,0x00000000ec980000)
  to   space 26624K, 0% used [0x00000000e9400000,0x00000000e9400000,0x00000000eae00000)
 ParOldGen       total 126976K, used 77916K [0x00000000a0000000, 0x00000000a7c00000, 0x00000000e0000000)
  object space 126976K, 61% used [0x00000000a0000000,0x00000000a4c171c8,0x00000000a7c00000)
 Metaspace       used 84361K, capacity 87540K, committed 87640K, reserved 1124352K
  class space    used 11155K, capacity 11808K, committed 11904K, reserved 1048576K
Event: 138.633 GC heap after
Heap after GC invocations=35 (full 4):
 PSYoungGen      total 178176K, used 7047K [0x00000000e0000000, 0x00000000ee000000, 0x0000000100000000)
  eden space 151552K, 0% used [0x00000000e0000000,0x00000000e0000000,0x00000000e9400000)
  from space 26624K, 26% used [0x00000000e9400000,0x00000000e9ae1de8,0x00000000eae00000)
  to   space 26112K, 0% used [0x00000000ec680000,0x00000000ec680000,0x00000000ee000000)
 ParOldGen       total 126976K, used 80324K [0x00000000a0000000, 0x00000000a7c00000, 0x00000000e0000000)
  object space 126976K, 63% used [0x00000000a0000000,0x00000000a4e711d8,0x00000000a7c00000)
 Metaspace       used 84361K, capacity 87540K, committed 87640K, reserved 1124352K
  class space    used 11155K, capacity 11808K, committed 11904K, reserved 1048576K
}
Event: 142.305 GC heap before
{Heap before GC invocations=36 (full 4):
 PSYoungGen      total 178176K, used 158596K [0x00000000e0000000, 0x00000000ee000000, 0x0000000100000000)
  eden space 151552K, 99% used [0x00000000e0000000,0x00000000e93ff540,0x00000000e9400000)
  from space 26624K, 26% used [0x00000000e9400000,0x00000000e9ae1de8,0x00000000eae00000)
  to   space 26112K, 0% used [0x00000000ec680000,0x00000000ec680000,0x00000000ee000000)
 ParOldGen       total 126976K, used 80324K [0x00000000a0000000, 0x00000000a7c00000, 0x00000000e0000000)
  object space 126976K, 63% used [0x00000000a0000000,0x00000000a4e711d8,0x00000000a7c00000)
 Metaspace       used 85064K, capacity 88332K, committed 88408K, reserved 1126400K
  class space    used 11230K, capacity 11900K, committed 11904K, reserved 1048576K
Event: 142.326 GC heap after
Heap after GC invocations=36 (full 4):
 PSYoungGen      total 198144K, used 4685K [0x00000000e0000000, 0x00000000edd80000, 0x0000000100000000)
  eden space 174592K, 0% used [0x00000000e0000000,0x00000000e0000000,0x00000000eaa80000)
  from space 23552K, 19% used [0x00000000ec680000,0x00000000ecb134a0,0x00000000edd80000)
  to   space 26112K, 0% used [0x00000000eaa80000,0x00000000eaa80000,0x00000000ec400000)
 ParOldGen       total 126976K, used 81662K [0x00000000a0000000, 0x00000000a7c00000, 0x00000000e0000000)
  object space 126976K, 64% used [0x00000000a0000000,0x00000000a4fbfbd8,0x00000000a7c00000)
 Metaspace       used 85064K, capacity 88332K, committed 88408K, reserved 1126400K
  class space    used 11230K, capacity 11900K, committed 11904K, reserved 1048576K
}
Event: 145.922 GC heap before
{Heap before GC invocations=37 (full 4):
 PSYoungGen      total 198144K, used 179277K [0x00000000e0000000, 0x00000000edd80000, 0x0000000100000000)
  eden space 174592K, 100% used [0x00000000e0000000,0x00000000eaa80000,0x00000000eaa80000)
  from space 23552K, 19% used [0x00000000ec680000,0x00000000ecb134a0,0x00000000edd80000)
  to   space 26112K, 0% used [0x00000000eaa80000,0x00000000eaa80000,0x00000000ec400000)
 ParOldGen       total 126976K, used 81662K [0x00000000a0000000, 0x00000000a7c00000, 0x00000000e0000000)
  object space 126976K, 64% used [0x00000000a0000000,0x00000000a4fbfbd8,0x00000000a7c00000)
 Metaspace       used 85250K, capacity 88476K, committed 88664K, reserved 1126400K
  class space    used 11234K, capacity 11900K, committed 11904K, reserved 1048576K
Event: 146.201 GC heap after
Heap after GC invocations=37 (full 4):
 PSYoungGen      total 200704K, used 26087K [0x00000000e0000000, 0x00000000edd80000, 0x0000000100000000)
  eden space 174592K, 0% used [0x00000000e0000000,0x00000000e0000000,0x00000000eaa80000)
  from space 26112K, 99% used [0x00000000eaa80000,0x00000000ec3f9e50,0x00000000ec400000)
  to   space 23552K, 0% used [0x00000000ec680000,0x00000000ec680000,0x00000000edd80000)
 ParOldGen       total 141824K, used 141652K [0x00000000a0000000, 0x00000000a8a80000, 0x00000000e0000000)
  object space 141824K, 99% used [0x00000000a0000000,0x00000000a8a55148,0x00000000a8a80000)
 Metaspace       used 85250K, capacity 88476K, committed 88664K, reserved 1126400K
  class space    used 11234K, capacity 11900K, committed 11904K, reserved 1048576K
}
Event: 146.226 GC heap before
{Heap before GC invocations=38 (full 5):
 PSYoungGen      total 200704K, used 26087K [0x00000000e0000000, 0x00000000edd80000, 0x0000000100000000)
  eden space 174592K, 0% used [0x00000000e0000000,0x00000000e0000000,0x00000000eaa80000)
  from space 26112K, 99% used [0x00000000eaa80000,0x00000000ec3f9e50,0x00000000ec400000)
  to   space 23552K, 0% used [0x00000000ec680000,0x00000000ec680000,0x00000000edd80000)
 ParOldGen       total 141824K, used 141652K [0x00000000a0000000, 0x00000000a8a80000, 0x00000000e0000000)
  object space 141824K, 99% used [0x00000000a0000000,0x00000000a8a55148,0x00000000a8a80000)
 Metaspace       used 85250K, capacity 88476K, committed 88664K, reserved 1126400K
  class space    used 11234K, capacity 11900K, committed 11904K, reserved 1048576K
Event: 149.740 GC heap after
Heap after GC invocations=38 (full 5):
 PSYoungGen      total 200704K, used 5596K [0x00000000e0000000, 0x00000000edd80000, 0x0000000100000000)
  eden space 174592K, 0% used [0x00000000e0000000,0x00000000e0000000,0x00000000eaa80000)
  from space 26112K, 21% used [0x00000000eaa80000,0x00000000eaff71f0,0x00000000ec400000)
  to   space 23552K, 0% used [0x00000000ec680000,0x00000000ec680000,0x00000000edd80000)
 ParOldGen       total 226816K, used 141687K [0x00000000a0000000, 0x00000000add80000, 0x00000000e0000000)
  object space 226816K, 62% used [0x00000000a0000000,0x00000000a8a5dcb0,0x00000000add80000)
 Metaspace       used 85239K, capacity 88442K, committed 88664K, reserved 1126400K
  class space    used 11230K, capacity 11893K, committed 11904K, reserved 1048576K
}

