# JRE version: OpenJDK Runtime Environment (8.0_202-b03) (build 1.8.0_202-release-1483-b03)
# Java VM: OpenJDK 64-Bit Server VM (25.202-b03 mixed mode windows-amd64 compressed oops)
Heap:
 PSYoungGen      total 76800K, used 68435K [0x00000000f6380000, 0x00000000fbb80000, 0x0000000100000000)
  eden space 63488K, 86% used [0x00000000f6380000,0x00000000f9958040,0x00000000fa180000)
  from space 13312K, 99% used [0x00000000fa180000,0x00000000fae7cf30,0x00000000fae80000)
  to   space 12288K, 0% used [0x00000000fae80000,0x00000000fae80000,0x00000000fba80000)
 ParOldGen       total 42496K, used 27861K [0x00000000e2a00000, 0x00000000e5380000, 0x00000000f6380000)
  object space 42496K, 65% used [0x00000000e2a00000,0x00000000e4535400,0x00000000e5380000)
 Metaspace       used 46582K, capacity 47306K, committed 47792K, reserved 1091584K
  class space    used 5766K, capacity 5971K, committed 6064K, reserved 1048576K
GC Heap History (10 events):
Event: 8.244 GC heap before
{Heap before GC invocations=11 (full 1):
 PSYoungGen      total 37888K, used 31744K [0x00000000f6380000, 0x00000000fa180000, 0x0000000100000000)
  eden space 31744K, 100% used [0x00000000f6380000,0x00000000f8280000,0x00000000f8280000)
  from space 6144K, 0% used [0x00000000f8280000,0x00000000f8280000,0x00000000f8880000)
  to   space 6144K, 0% used [0x00000000f9b80000,0x00000000f9b80000,0x00000000fa180000)
 ParOldGen       total 20992K, used 7897K [0x00000000e2a00000, 0x00000000e3e80000, 0x00000000f6380000)
  object space 20992K, 37% used [0x00000000e2a00000,0x00000000e31b6400,0x00000000e3e80000)
 Metaspace       used 23709K, capacity 24210K, committed 24368K, reserved 1071104K
  class space    used 2848K, capacity 2994K, committed 3120K, reserved 1048576K
Event: 8.260 GC heap after
Heap after GC invocations=11 (full 1):
 PSYoungGen      total 51712K, used 6114K [0x00000000f6380000, 0x00000000fa180000, 0x0000000100000000)
  eden space 45568K, 0% used [0x00000000f6380000,0x00000000f6380000,0x00000000f9000000)
  from space 6144K, 99% used [0x00000000f9b80000,0x00000000fa178af0,0x00000000fa180000)
  to   space 7168K, 0% used [0x00000000f9380000,0x00000000f9380000,0x00000000f9a80000)
 ParOldGen       total 20992K, used 8731K [0x00000000e2a00000, 0x00000000e3e80000, 0x00000000f6380000)
  object space 20992K, 41% used [0x00000000e2a00000,0x00000000e3286e88,0x00000000e3e80000)
 Metaspace       used 23709K, capacity 24210K, committed 24368K, reserved 1071104K
  class space    used 2848K, capacity 2994K, committed 3120K, reserved 1048576K
}
Event: 11.496 GC heap before
{Heap before GC invocations=12 (full 1):
 PSYoungGen      total 51712K, used 51682K [0x00000000f6380000, 0x00000000fa180000, 0x0000000100000000)
  eden space 45568K, 100% used [0x00000000f6380000,0x00000000f9000000,0x00000000f9000000)
  from space 6144K, 99% used [0x00000000f9b80000,0x00000000fa178af0,0x00000000fa180000)
  to   space 7168K, 0% used [0x00000000f9380000,0x00000000f9380000,0x00000000f9a80000)
 ParOldGen       total 20992K, used 8731K [0x00000000e2a00000, 0x00000000e3e80000, 0x00000000f6380000)
  object space 20992K, 41% used [0x00000000e2a00000,0x00000000e3286e88,0x00000000e3e80000)
 Metaspace       used 31668K, capacity 32157K, committed 32432K, reserved 1077248K
  class space    used 4028K, capacity 4185K, committed 4272K, reserved 1048576K
Event: 11.527 GC heap after
Heap after GC invocations=12 (full 1):
 PSYoungGen      total 56320K, used 7150K [0x00000000f6380000, 0x00000000fba80000, 0x0000000100000000)
  eden space 49152K, 0% used [0x00000000f6380000,0x00000000f6380000,0x00000000f9380000)
  from space 7168K, 99% used [0x00000000f9380000,0x00000000f9a7b840,0x00000000f9a80000)
  to   space 12288K, 0% used [0x00000000fae80000,0x00000000fae80000,0x00000000fba80000)
 ParOldGen       total 20992K, used 19014K [0x00000000e2a00000, 0x00000000e3e80000, 0x00000000f6380000)
  object space 20992K, 90% used [0x00000000e2a00000,0x00000000e3c91ab8,0x00000000e3e80000)
 Metaspace       used 31668K, capacity 32157K, committed 32432K, reserved 1077248K
  class space    used 4028K, capacity 4185K, committed 4272K, reserved 1048576K
}
Event: 11.527 GC heap before
{Heap before GC invocations=13 (full 2):
 PSYoungGen      total 56320K, used 7150K [0x00000000f6380000, 0x00000000fba80000, 0x0000000100000000)
  eden space 49152K, 0% used [0x00000000f6380000,0x00000000f6380000,0x00000000f9380000)
  from space 7168K, 99% used [0x00000000f9380000,0x00000000f9a7b840,0x00000000f9a80000)
  to   space 12288K, 0% used [0x00000000fae80000,0x00000000fae80000,0x00000000fba80000)
 ParOldGen       total 20992K, used 19014K [0x00000000e2a00000, 0x00000000e3e80000, 0x00000000f6380000)
  object space 20992K, 90% used [0x00000000e2a00000,0x00000000e3c91ab8,0x00000000e3e80000)
 Metaspace       used 31668K, capacity 32157K, committed 32432K, reserved 1077248K
  class space    used 4028K, capacity 4185K, committed 4272K, reserved 1048576K
Event: 11.703 GC heap after
Heap after GC invocations=13 (full 2):
 PSYoungGen      total 56320K, used 1912K [0x00000000f6380000, 0x00000000fba80000, 0x0000000100000000)
  eden space 49152K, 0% used [0x00000000f6380000,0x00000000f6380000,0x00000000f9380000)
  from space 7168K, 26% used [0x00000000f9380000,0x00000000f955e1b8,0x00000000f9a80000)
  to   space 12288K, 0% used [0x00000000fae80000,0x00000000fae80000,0x00000000fba80000)
 ParOldGen       total 42496K, used 20781K [0x00000000e2a00000, 0x00000000e5380000, 0x00000000f6380000)
  object space 42496K, 48% used [0x00000000e2a00000,0x00000000e3e4b530,0x00000000e5380000)
 Metaspace       used 31668K, capacity 32157K, committed 32432K, reserved 1077248K
  class space    used 4028K, capacity 4185K, committed 4272K, reserved 1048576K
}
Event: 18.753 GC heap before
{Heap before GC invocations=14 (full 2):
 PSYoungGen      total 56320K, used 51064K [0x00000000f6380000, 0x00000000fba80000, 0x0000000100000000)
  eden space 49152K, 100% used [0x00000000f6380000,0x00000000f9380000,0x00000000f9380000)
  from space 7168K, 26% used [0x00000000f9380000,0x00000000f955e1b8,0x00000000f9a80000)
  to   space 12288K, 0% used [0x00000000fae80000,0x00000000fae80000,0x00000000fba80000)
 ParOldGen       total 42496K, used 20781K [0x00000000e2a00000, 0x00000000e5380000, 0x00000000f6380000)
  object space 42496K, 48% used [0x00000000e2a00000,0x00000000e3e4b530,0x00000000e5380000)
 Metaspace       used 37639K, capacity 38194K, committed 38576K, reserved 1083392K
  class space    used 4773K, capacity 4921K, committed 5040K, reserved 1048576K
Event: 18.792 GC heap after
Heap after GC invocations=14 (full 2):
 PSYoungGen      total 75776K, used 10845K [0x00000000f6380000, 0x00000000fbb80000, 0x0000000100000000)
  eden space 63488K, 0% used [0x00000000f6380000,0x00000000f6380000,0x00000000fa180000)
  from space 12288K, 88% used [0x00000000fae80000,0x00000000fb917518,0x00000000fba80000)
  to   space 13312K, 0% used [0x00000000fa180000,0x00000000fa180000,0x00000000fae80000)
 ParOldGen       total 42496K, used 22482K [0x00000000e2a00000, 0x00000000e5380000, 0x00000000f6380000)
  object space 42496K, 52% used [0x00000000e2a00000,0x00000000e3ff4b38,0x00000000e5380000)
 Metaspace       used 37639K, capacity 38194K, committed 38576K, reserved 1083392K
  class space    used 4773K, capacity 4921K, committed 5040K, reserved 1048576K
}
Event: 25.129 GC heap before
{Heap before GC invocations=15 (full 2):
 PSYoungGen      total 75776K, used 74333K [0x00000000f6380000, 0x00000000fbb80000, 0x0000000100000000)
  eden space 63488K, 100% used [0x00000000f6380000,0x00000000fa180000,0x00000000fa180000)
  from space 12288K, 88% used [0x00000000fae80000,0x00000000fb917518,0x00000000fba80000)
  to   space 13312K, 0% used [0x00000000fa180000,0x00000000fa180000,0x00000000fae80000)
 ParOldGen       total 42496K, used 22482K [0x00000000e2a00000, 0x00000000e5380000, 0x00000000f6380000)
  object space 42496K, 52% used [0x00000000e2a00000,0x00000000e3ff4b38,0x00000000e5380000)
 Metaspace       used 41399K, capacity 42034K, committed 42416K, reserved 1087488K
  class space    used 5051K, capacity 5205K, committed 5296K, reserved 1048576K
Event: 25.174 GC heap after
Heap after GC invocations=15 (full 2):
 PSYoungGen      total 76800K, used 13299K [0x00000000f6380000, 0x00000000fbb80000, 0x0000000100000000)
  eden space 63488K, 0% used [0x00000000f6380000,0x00000000f6380000,0x00000000fa180000)
  from space 13312K, 99% used [0x00000000fa180000,0x00000000fae7cf30,0x00000000fae80000)
  to   space 12288K, 0% used [0x00000000fae80000,0x00000000fae80000,0x00000000fba80000)
 ParOldGen       total 42496K, used 27861K [0x00000000e2a00000, 0x00000000e5380000, 0x00000000f6380000)
  object space 42496K, 65% used [0x00000000e2a00000,0x00000000e4535400,0x00000000e5380000)
 Metaspace       used 41399K, capacity 42034K, committed 42416K, reserved 1087488K
  class space    used 5051K, capacity 5205K, committed 5296K, reserved 1048576K
}

