# JRE version: OpenJDK Runtime Environment (8.0_202-b03) (build 1.8.0_202-release-1483-b03)
# Java VM: OpenJDK 64-Bit Server VM (25.202-b03 mixed mode windows-amd64 compressed oops)
Heap:
 PSYoungGen      total 241664K, used 193180K [0x00000000e0000000, 0x00000000f3480000, 0x0000000100000000)
  eden space 205312K, 76% used [0x00000000e0000000,0x00000000e9928ed8,0x00000000ec880000)
  from space 36352K, 99% used [0x00000000ef880000,0x00000000f1bfe340,0x00000000f1c00000)
  to   space 49152K, 0% used [0x00000000ec880000,0x00000000ec880000,0x00000000ef880000)
 ParOldGen       total 124416K, used 94343K [0x00000000a0000000, 0x00000000a7980000, 0x00000000e0000000)
  object space 124416K, 75% used [0x00000000a0000000,0x00000000a5c21e68,0x00000000a7980000)
 Metaspace       used 88555K, capacity 92660K, committed 92952K, reserved 1130496K
  class space    used 11372K, capacity 12201K, committed 12328K, reserved 1048576K
GC Heap History (10 events):
Event: 82.468 GC heap before
{Heap before GC invocations=30 (full 4):
 PSYoungGen      total 196608K, used 180736K [0x00000000e0000000, 0x00000000ee780000, 0x0000000100000000)
  eden space 171520K, 100% used [0x00000000e0000000,0x00000000ea780000,0x00000000ea780000)
  from space 25088K, 36% used [0x00000000ea780000,0x00000000eb080320,0x00000000ec000000)
  to   space 23552K, 0% used [0x00000000ed080000,0x00000000ed080000,0x00000000ee780000)
 ParOldGen       total 124416K, used 70242K [0x00000000a0000000, 0x00000000a7980000, 0x00000000e0000000)
  object space 124416K, 56% used [0x00000000a0000000,0x00000000a4498958,0x00000000a7980000)
 Metaspace       used 74429K, capacity 77156K, committed 77464K, reserved 1116160K
  class space    used 9944K, capacity 10576K, committed 10664K, reserved 1048576K
Event: 82.499 GC heap after
Heap after GC invocations=30 (full 4):
 PSYoungGen      total 210432K, used 15753K [0x00000000e0000000, 0x00000000ee700000, 0x0000000100000000)
  eden space 187392K, 0% used [0x00000000e0000000,0x00000000e0000000,0x00000000eb700000)
  from space 23040K, 68% used [0x00000000ed080000,0x00000000edfe2608,0x00000000ee700000)
  to   space 24576K, 0% used [0x00000000eb700000,0x00000000eb700000,0x00000000ecf00000)
 ParOldGen       total 124416K, used 70250K [0x00000000a0000000, 0x00000000a7980000, 0x00000000e0000000)
  object space 124416K, 56% used [0x00000000a0000000,0x00000000a449a958,0x00000000a7980000)
 Metaspace       used 74429K, capacity 77156K, committed 77464K, reserved 1116160K
  class space    used 9944K, capacity 10576K, committed 10664K, reserved 1048576K
}
Event: 790.067 GC heap before
{Heap before GC invocations=31 (full 4):
 PSYoungGen      total 210432K, used 203145K [0x00000000e0000000, 0x00000000ee700000, 0x0000000100000000)
  eden space 187392K, 100% used [0x00000000e0000000,0x00000000eb700000,0x00000000eb700000)
  from space 23040K, 68% used [0x00000000ed080000,0x00000000edfe2608,0x00000000ee700000)
  to   space 24576K, 0% used [0x00000000eb700000,0x00000000eb700000,0x00000000ecf00000)
 ParOldGen       total 124416K, used 70250K [0x00000000a0000000, 0x00000000a7980000, 0x00000000e0000000)
  object space 124416K, 56% used [0x00000000a0000000,0x00000000a449a958,0x00000000a7980000)
 Metaspace       used 80701K, capacity 83990K, committed 84248K, reserved 1122304K
  class space    used 10561K, capacity 11230K, committed 11304K, reserved 1048576K
Event: 793.701 GC heap after
Heap after GC invocations=31 (full 4):
 PSYoungGen      total 211968K, used 23454K [0x00000000e0000000, 0x00000000efc80000, 0x0000000100000000)
  eden space 187392K, 0% used [0x00000000e0000000,0x00000000e0000000,0x00000000eb700000)
  from space 24576K, 95% used [0x00000000eb700000,0x00000000ecde7978,0x00000000ecf00000)
  to   space 28160K, 0% used [0x00000000ee100000,0x00000000ee100000,0x00000000efc80000)
 ParOldGen       total 124416K, used 70258K [0x00000000a0000000, 0x00000000a7980000, 0x00000000e0000000)
  object space 124416K, 56% used [0x00000000a0000000,0x00000000a449c958,0x00000000a7980000)
 Metaspace       used 80701K, capacity 83990K, committed 84248K, reserved 1122304K
  class space    used 10561K, capacity 11230K, committed 11304K, reserved 1048576K
}
Event: 828.222 GC heap before
{Heap before GC invocations=32 (full 4):
 PSYoungGen      total 211968K, used 210846K [0x00000000e0000000, 0x00000000efc80000, 0x0000000100000000)
  eden space 187392K, 100% used [0x00000000e0000000,0x00000000eb700000,0x00000000eb700000)
  from space 24576K, 95% used [0x00000000eb700000,0x00000000ecde7978,0x00000000ecf00000)
  to   space 28160K, 0% used [0x00000000ee100000,0x00000000ee100000,0x00000000efc80000)
 ParOldGen       total 124416K, used 70258K [0x00000000a0000000, 0x00000000a7980000, 0x00000000e0000000)
  object space 124416K, 56% used [0x00000000a0000000,0x00000000a449c958,0x00000000a7980000)
 Metaspace       used 84713K, capacity 88236K, committed 88344K, reserved 1126400K
  class space    used 10984K, capacity 11729K, committed 11816K, reserved 1048576K
Event: 830.325 GC heap after
Heap after GC invocations=32 (full 4):
 PSYoungGen      total 224256K, used 28129K [0x00000000e0000000, 0x00000000f1080000, 0x0000000100000000)
  eden space 196096K, 0% used [0x00000000e0000000,0x00000000e0000000,0x00000000ebf80000)
  from space 28160K, 99% used [0x00000000ee100000,0x00000000efc785c0,0x00000000efc80000)
  to   space 34304K, 0% used [0x00000000ebf80000,0x00000000ebf80000,0x00000000ee100000)
 ParOldGen       total 124416K, used 74356K [0x00000000a0000000, 0x00000000a7980000, 0x00000000e0000000)
  object space 124416K, 59% used [0x00000000a0000000,0x00000000a489d320,0x00000000a7980000)
 Metaspace       used 84713K, capacity 88236K, committed 88344K, reserved 1126400K
  class space    used 10984K, capacity 11729K, committed 11816K, reserved 1048576K
}
Event: 1104.933 GC heap before
{Heap before GC invocations=33 (full 4):
 PSYoungGen      total 224256K, used 224225K [0x00000000e0000000, 0x00000000f1080000, 0x0000000100000000)
  eden space 196096K, 100% used [0x00000000e0000000,0x00000000ebf80000,0x00000000ebf80000)
  from space 28160K, 99% used [0x00000000ee100000,0x00000000efc785c0,0x00000000efc80000)
  to   space 34304K, 0% used [0x00000000ebf80000,0x00000000ebf80000,0x00000000ee100000)
 ParOldGen       total 124416K, used 74356K [0x00000000a0000000, 0x00000000a7980000, 0x00000000e0000000)
  object space 124416K, 59% used [0x00000000a0000000,0x00000000a489d320,0x00000000a7980000)
 Metaspace       used 85663K, capacity 89564K, committed 89752K, reserved 1126400K
  class space    used 11073K, capacity 11863K, committed 11944K, reserved 1048576K
Event: 1107.391 GC heap after
Heap after GC invocations=33 (full 4):
 PSYoungGen      total 230400K, used 25611K [0x00000000e0000000, 0x00000000f1c00000, 0x0000000100000000)
  eden space 196096K, 0% used [0x00000000e0000000,0x00000000e0000000,0x00000000ebf80000)
  from space 34304K, 74% used [0x00000000ebf80000,0x00000000ed882ea8,0x00000000ee100000)
  to   space 36352K, 0% used [0x00000000ef880000,0x00000000ef880000,0x00000000f1c00000)
 ParOldGen       total 124416K, used 76148K [0x00000000a0000000, 0x00000000a7980000, 0x00000000e0000000)
  object space 124416K, 61% used [0x00000000a0000000,0x00000000a4a5d350,0x00000000a7980000)
 Metaspace       used 85663K, capacity 89564K, committed 89752K, reserved 1126400K
  class space    used 11073K, capacity 11863K, committed 11944K, reserved 1048576K
}
Event: 1133.212 GC heap before
{Heap before GC invocations=34 (full 4):
 PSYoungGen      total 230400K, used 221707K [0x00000000e0000000, 0x00000000f1c00000, 0x0000000100000000)
  eden space 196096K, 100% used [0x00000000e0000000,0x00000000ebf80000,0x00000000ebf80000)
  from space 34304K, 74% used [0x00000000ebf80000,0x00000000ed882ea8,0x00000000ee100000)
  to   space 36352K, 0% used [0x00000000ef880000,0x00000000ef880000,0x00000000f1c00000)
 ParOldGen       total 124416K, used 76148K [0x00000000a0000000, 0x00000000a7980000, 0x00000000e0000000)
  object space 124416K, 61% used [0x00000000a0000000,0x00000000a4a5d350,0x00000000a7980000)
 Metaspace       used 87051K, capacity 90976K, committed 91160K, reserved 1128448K
  class space    used 11203K, capacity 12007K, committed 12072K, reserved 1048576K
Event: 1133.633 GC heap after
Heap after GC invocations=34 (full 4):
 PSYoungGen      total 241664K, used 36344K [0x00000000e0000000, 0x00000000f3480000, 0x0000000100000000)
  eden space 205312K, 0% used [0x00000000e0000000,0x00000000e0000000,0x00000000ec880000)
  from space 36352K, 99% used [0x00000000ef880000,0x00000000f1bfe340,0x00000000f1c00000)
  to   space 49152K, 0% used [0x00000000ec880000,0x00000000ec880000,0x00000000ef880000)
 ParOldGen       total 124416K, used 94343K [0x00000000a0000000, 0x00000000a7980000, 0x00000000e0000000)
  object space 124416K, 75% used [0x00000000a0000000,0x00000000a5c21e68,0x00000000a7980000)
 Metaspace       used 87051K, capacity 90976K, committed 91160K, reserved 1128448K
  class space    used 11203K, capacity 12007K, committed 12072K, reserved 1048576K
}

