# JRE version: OpenJDK Runtime Environment (8.0_202-b03) (build 1.8.0_202-release-1483-b03)
# Java VM: OpenJDK 64-Bit Server VM (25.202-b03 mixed mode windows-amd64 compressed oops)
Heap:
 PSYoungGen      total 406528K, used 192045K [0x00000000e0000000, 0x00000000ffe80000, 0x0000000100000000)
  eden space 352768K, 46% used [0x00000000e0000000,0x00000000ea1b1150,0x00000000f5880000)
  from space 53760K, 49% used [0x00000000f5880000,0x00000000f725a3d0,0x00000000f8d00000)
  to   space 55296K, 0% used [0x00000000fc880000,0x00000000fc880000,0x00000000ffe80000)
 ParOldGen       total 115200K, used 69159K [0x00000000a0000000, 0x00000000a7080000, 0x00000000e0000000)
  object space 115200K, 60% used [0x00000000a0000000,0x00000000a4389cd8,0x00000000a7080000)
 Metaspace       used 107788K, capacity 112552K, committed 114392K, reserved 1148928K
  class space    used 13546K, capacity 14396K, committed 14848K, reserved 1048576K
GC Heap History (10 events):
Event: 21893.564 GC heap before
{Heap before GC invocations=39 (full 6):
 PSYoungGen      total 360960K, used 313856K [0x00000000e0000000, 0x00000000f9a80000, 0x0000000100000000)
  eden space 313856K, 100% used [0x00000000e0000000,0x00000000f3280000,0x00000000f3280000)
  from space 47104K, 0% used [0x00000000f6480000,0x00000000f6480000,0x00000000f9280000)
  to   space 51200K, 0% used [0x00000000f3280000,0x00000000f3280000,0x00000000f6480000)
 ParOldGen       total 115200K, used 69135K [0x00000000a0000000, 0x00000000a7080000, 0x00000000e0000000)
  object space 115200K, 60% used [0x00000000a0000000,0x00000000a4383cd8,0x00000000a7080000)
 Metaspace       used 105303K, capacity 109864K, committed 112216K, reserved 1146880K
  class space    used 13395K, capacity 14192K, committed 14720K, reserved 1048576K
Event: 21898.655 GC heap after
Heap after GC invocations=39 (full 6):
 PSYoungGen      total 365056K, used 11056K [0x00000000e0000000, 0x00000000fbd80000, 0x0000000100000000)
  eden space 313856K, 0% used [0x00000000e0000000,0x00000000e0000000,0x00000000f3280000)
  from space 51200K, 21% used [0x00000000f3280000,0x00000000f3d4c040,0x00000000f6480000)
  to   space 49664K, 0% used [0x00000000f8d00000,0x00000000f8d00000,0x00000000fbd80000)
 ParOldGen       total 115200K, used 69135K [0x00000000a0000000, 0x00000000a7080000, 0x00000000e0000000)
  object space 115200K, 60% used [0x00000000a0000000,0x00000000a4383cd8,0x00000000a7080000)
 Metaspace       used 105303K, capacity 109864K, committed 112216K, reserved 1146880K
  class space    used 13395K, capacity 14192K, committed 14720K, reserved 1048576K
}
Event: 21942.667 GC heap before
{Heap before GC invocations=40 (full 6):
 PSYoungGen      total 365056K, used 324912K [0x00000000e0000000, 0x00000000fbd80000, 0x0000000100000000)
  eden space 313856K, 100% used [0x00000000e0000000,0x00000000f3280000,0x00000000f3280000)
  from space 51200K, 21% used [0x00000000f3280000,0x00000000f3d4c040,0x00000000f6480000)
  to   space 49664K, 0% used [0x00000000f8d00000,0x00000000f8d00000,0x00000000fbd80000)
 ParOldGen       total 115200K, used 69135K [0x00000000a0000000, 0x00000000a7080000, 0x00000000e0000000)
  object space 115200K, 60% used [0x00000000a0000000,0x00000000a4383cd8,0x00000000a7080000)
 Metaspace       used 106880K, capacity 111606K, committed 113496K, reserved 1148928K
  class space    used 13498K, capacity 14327K, committed 14720K, reserved 1048576K
Event: 21944.557 GC heap after
Heap after GC invocations=40 (full 6):
 PSYoungGen      total 402432K, used 39084K [0x00000000e0000000, 0x00000000fce80000, 0x0000000100000000)
  eden space 352768K, 0% used [0x00000000e0000000,0x00000000e0000000,0x00000000f5880000)
  from space 49664K, 78% used [0x00000000f8d00000,0x00000000fb32b1c8,0x00000000fbd80000)
  to   space 53760K, 0% used [0x00000000f5880000,0x00000000f5880000,0x00000000f8d00000)
 ParOldGen       total 115200K, used 69143K [0x00000000a0000000, 0x00000000a7080000, 0x00000000e0000000)
  object space 115200K, 60% used [0x00000000a0000000,0x00000000a4385cd8,0x00000000a7080000)
 Metaspace       used 106880K, capacity 111606K, committed 113496K, reserved 1148928K
  class space    used 13498K, capacity 14327K, committed 14720K, reserved 1048576K
}
Event: 21973.542 GC heap before
{Heap before GC invocations=41 (full 6):
 PSYoungGen      total 402432K, used 391852K [0x00000000e0000000, 0x00000000fce80000, 0x0000000100000000)
  eden space 352768K, 100% used [0x00000000e0000000,0x00000000f5880000,0x00000000f5880000)
  from space 49664K, 78% used [0x00000000f8d00000,0x00000000fb32b1c8,0x00000000fbd80000)
  to   space 53760K, 0% used [0x00000000f5880000,0x00000000f5880000,0x00000000f8d00000)
 ParOldGen       total 115200K, used 69143K [0x00000000a0000000, 0x00000000a7080000, 0x00000000e0000000)
  object space 115200K, 60% used [0x00000000a0000000,0x00000000a4385cd8,0x00000000a7080000)
 Metaspace       used 107430K, capacity 112174K, committed 114136K, reserved 1148928K
  class space    used 13515K, capacity 14373K, committed 14848K, reserved 1048576K
Event: 21976.141 GC heap after
Heap after GC invocations=41 (full 6):
 PSYoungGen      total 406528K, used 37437K [0x00000000e0000000, 0x00000000fce80000, 0x0000000100000000)
  eden space 352768K, 0% used [0x00000000e0000000,0x00000000e0000000,0x00000000f5880000)
  from space 53760K, 69% used [0x00000000f5880000,0x00000000f7d0f728,0x00000000f8d00000)
  to   space 49664K, 0% used [0x00000000f8d00000,0x00000000f8d00000,0x00000000fbd80000)
 ParOldGen       total 115200K, used 69151K [0x00000000a0000000, 0x00000000a7080000, 0x00000000e0000000)
  object space 115200K, 60% used [0x00000000a0000000,0x00000000a4387cd8,0x00000000a7080000)
 Metaspace       used 107430K, capacity 112174K, committed 114136K, reserved 1148928K
  class space    used 13515K, capacity 14373K, committed 14848K, reserved 1048576K
}
Event: 21993.797 GC heap before
{Heap before GC invocations=42 (full 6):
 PSYoungGen      total 406528K, used 390205K [0x00000000e0000000, 0x00000000fce80000, 0x0000000100000000)
  eden space 352768K, 100% used [0x00000000e0000000,0x00000000f5880000,0x00000000f5880000)
  from space 53760K, 69% used [0x00000000f5880000,0x00000000f7d0f728,0x00000000f8d00000)
  to   space 49664K, 0% used [0x00000000f8d00000,0x00000000f8d00000,0x00000000fbd80000)
 ParOldGen       total 115200K, used 69151K [0x00000000a0000000, 0x00000000a7080000, 0x00000000e0000000)
  object space 115200K, 60% used [0x00000000a0000000,0x00000000a4387cd8,0x00000000a7080000)
 Metaspace       used 107600K, capacity 112362K, committed 114136K, reserved 1148928K
  class space    used 13537K, capacity 14387K, committed 14848K, reserved 1048576K
Event: 21994.928 GC heap after
Heap after GC invocations=42 (full 6):
 PSYoungGen      total 402432K, used 34988K [0x00000000e0000000, 0x00000000fce80000, 0x0000000100000000)
  eden space 352768K, 0% used [0x00000000e0000000,0x00000000e0000000,0x00000000f5880000)
  from space 49664K, 70% used [0x00000000f8d00000,0x00000000faf2b148,0x00000000fbd80000)
  to   space 53760K, 0% used [0x00000000f5880000,0x00000000f5880000,0x00000000f8d00000)
 ParOldGen       total 115200K, used 69151K [0x00000000a0000000, 0x00000000a7080000, 0x00000000e0000000)
  object space 115200K, 60% used [0x00000000a0000000,0x00000000a4387cd8,0x00000000a7080000)
 Metaspace       used 107600K, capacity 112362K, committed 114136K, reserved 1148928K
  class space    used 13537K, capacity 14387K, committed 14848K, reserved 1048576K
}
Event: 22009.908 GC heap before
{Heap before GC invocations=43 (full 6):
 PSYoungGen      total 402432K, used 387756K [0x00000000e0000000, 0x00000000fce80000, 0x0000000100000000)
  eden space 352768K, 100% used [0x00000000e0000000,0x00000000f5880000,0x00000000f5880000)
  from space 49664K, 70% used [0x00000000f8d00000,0x00000000faf2b148,0x00000000fbd80000)
  to   space 53760K, 0% used [0x00000000f5880000,0x00000000f5880000,0x00000000f8d00000)
 ParOldGen       total 115200K, used 69151K [0x00000000a0000000, 0x00000000a7080000, 0x00000000e0000000)
  object space 115200K, 60% used [0x00000000a0000000,0x00000000a4387cd8,0x00000000a7080000)
 Metaspace       used 107765K, capacity 112542K, committed 114392K, reserved 1148928K
  class space    used 13545K, capacity 14395K, committed 14848K, reserved 1048576K
Event: 22010.017 GC heap after
Heap after GC invocations=43 (full 6):
 PSYoungGen      total 406528K, used 26472K [0x00000000e0000000, 0x00000000ffe80000, 0x0000000100000000)
  eden space 352768K, 0% used [0x00000000e0000000,0x00000000e0000000,0x00000000f5880000)
  from space 53760K, 49% used [0x00000000f5880000,0x00000000f725a3d0,0x00000000f8d00000)
  to   space 55296K, 0% used [0x00000000fc880000,0x00000000fc880000,0x00000000ffe80000)
 ParOldGen       total 115200K, used 69159K [0x00000000a0000000, 0x00000000a7080000, 0x00000000e0000000)
  object space 115200K, 60% used [0x00000000a0000000,0x00000000a4389cd8,0x00000000a7080000)
 Metaspace       used 107765K, capacity 112542K, committed 114392K, reserved 1148928K
  class space    used 13545K, capacity 14395K, committed 14848K, reserved 1048576K
}

